Log file open, 07/11/20 13:10:47
LogInit: Display: Running engine for game: BondPun
LogPlatformFile: Not using cached read wrapper
LogTaskGraph: Started task graph with 5 named threads and 23 total threads with 3 sets of task threads.
LogStats: Stats thread started at 1.087714
LogD3D11RHI: Loaded GFSDK_Aftermath_Lib.x64.dll
LogICUInternationalization: ICU TimeZone Detection - Raw Offset: -5:00, Platform Override: ''
LogPluginManager: Mounting plugin Paper2D
LogPluginManager: Mounting plugin AISupport
LogPluginManager: Mounting plugin LightPropagationVolume
LogPluginManager: Mounting plugin CameraShakePreviewer
LogPluginManager: Mounting plugin ActorLayerUtilities
LogPluginManager: Mounting plugin AnimationSharing
LogPluginManager: Mounting plugin CLionSourceCodeAccess
LogPluginManager: Mounting plugin CodeLiteSourceCodeAccess
LogPluginManager: Mounting plugin GitSourceControl
LogPluginManager: Mounting plugin KDevelopSourceCodeAccess
LogPluginManager: Mounting plugin NullSourceCodeAccess
LogPluginManager: Mounting plugin PerforceSourceControl
LogPluginManager: Mounting plugin PlasticSourceControl
LogPluginManager: Mounting plugin RiderSourceCodeAccess
LogPluginManager: Mounting plugin SubversionSourceControl
LogPluginManager: Mounting plugin UObjectPlugin
LogPluginManager: Mounting plugin VisualStudioCodeSourceCodeAccess
LogPluginManager: Mounting plugin VisualStudioSourceCodeAccess
LogPluginManager: Mounting plugin XCodeSourceCodeAccess
LogPluginManager: Mounting plugin AssetManagerEditor
LogPluginManager: Mounting plugin CryptoKeys
LogPluginManager: Mounting plugin CurveEditorTools
LogPluginManager: Mounting plugin DataValidation
LogPluginManager: Mounting plugin EditorScriptingUtilities
LogPluginManager: Mounting plugin FacialAnimation
LogPluginManager: Mounting plugin GameplayTagsEditor
LogPluginManager: Mounting plugin GeometryMode
LogPluginManager: Mounting plugin MacGraphicsSwitching
LogPluginManager: Mounting plugin MaterialAnalyzer
LogPluginManager: Mounting plugin MobileLauncherProfileWizard
LogPluginManager: Mounting plugin PluginBrowser
LogPluginManager: Mounting plugin SpeedTreeImporter
LogPluginManager: Mounting plugin DatasmithContent
LogPluginManager: Mounting plugin VariantManagerContent
LogPluginManager: Mounting plugin AlembicImporter
LogPluginManager: Mounting plugin AutomationUtils
LogPluginManager: Mounting plugin BackChannel
LogPluginManager: Mounting plugin ChaosCloth
LogPluginManager: Mounting plugin ChaosClothEditor
LogPluginManager: Mounting plugin ChaosEditor
LogPluginManager: Mounting plugin ChaosNiagara
LogPluginManager: Mounting plugin ChaosSolverPlugin
LogPluginManager: Mounting plugin CharacterAI
LogPluginManager: Mounting plugin GeometryCache
LogPluginManager: Mounting plugin GeometryCollectionPlugin
LogPluginManager: Mounting plugin GeometryProcessing
LogPluginManager: Mounting plugin PlanarCut
LogPluginManager: Mounting plugin PlatformCrypto
LogPluginManager: Mounting plugin ProxyLODPlugin
LogPluginManager: Mounting plugin SkeletalReduction
LogPluginManager: Mounting plugin Niagara
LogPluginManager: Mounting plugin MagicLeap
LogPluginManager: Mounting plugin MagicLeapLightEstimation
LogPluginManager: Mounting plugin MagicLeapMedia
LogPluginManager: Mounting plugin MagicLeapPassableWorld
LogPluginManager: Mounting plugin MLSDK
LogPluginManager: Mounting plugin AndroidMedia
LogPluginManager: Mounting plugin AvfMedia
LogPluginManager: Mounting plugin ImgMedia
LogPluginManager: Mounting plugin MediaCompositing
LogPluginManager: Mounting plugin MediaPlayerEditor
LogPluginManager: Mounting plugin WebMMedia
LogPluginManager: Mounting plugin WmfMedia
LogPluginManager: Mounting plugin MeshPainting
LogPluginManager: Mounting plugin TcpMessaging
LogPluginManager: Mounting plugin UdpMessaging
LogPluginManager: Mounting plugin ActorSequence
LogPluginManager: Mounting plugin LevelSequenceEditor
LogPluginManager: Mounting plugin MatineeToLevelSequence
LogPluginManager: Mounting plugin MovieRenderPipeline
LogPluginManager: Mounting plugin TemplateSequence
LogPluginManager: Mounting plugin NetcodeUnitTest
LogPluginManager: Mounting plugin NUTUnrealEngine4
LogPluginManager: Mounting plugin OnlineSubsystemGooglePlay
LogPluginManager: Mounting plugin OnlineSubsystemIOS
LogPluginManager: Mounting plugin OnlineSubsystem
LogPluginManager: Mounting plugin OnlineSubsystemNull
LogPluginManager: Mounting plugin OnlineSubsystemUtils
LogPluginManager: Mounting plugin LauncherChunkInstaller
LogPluginManager: Mounting plugin AndroidDeviceProfileSelector
LogPluginManager: Mounting plugin AndroidMoviePlayer
LogPluginManager: Mounting plugin AndroidPermission
LogPluginManager: Mounting plugin AppleImageUtils
LogPluginManager: Mounting plugin AppleMoviePlayer
LogPluginManager: Mounting plugin ArchVisCharacter
LogPluginManager: Mounting plugin AssetTags
LogPluginManager: Mounting plugin AudioCapture
LogPluginManager: Mounting plugin CableComponent
LogPluginManager: Mounting plugin CustomMeshComponent
LogPluginManager: Mounting plugin EditableMesh
LogPluginManager: Mounting plugin ExampleDeviceProfileSelector
LogPluginManager: Mounting plugin GoogleCloudMessaging
LogPluginManager: Mounting plugin GooglePAD
LogPluginManager: Mounting plugin IOSDeviceProfileSelector
LogPluginManager: Mounting plugin LinuxDeviceProfileSelector
LogPluginManager: Mounting plugin LocationServicesBPLibrary
LogPluginManager: Mounting plugin MobilePatchingUtils
LogPluginManager: Mounting plugin OculusVR
LogPluginManager: Mounting plugin PhysXVehicles
LogPluginManager: Mounting plugin PostSplashScreen
LogPluginManager: Mounting plugin ProceduralMeshComponent
LogPluginManager: Mounting plugin RuntimePhysXCooking
LogPluginManager: Mounting plugin SignificanceManager
LogPluginManager: Mounting plugin SoundFields
LogPluginManager: Mounting plugin SteamVR
LogPluginManager: Mounting plugin Synthesis
LogPluginManager: Mounting plugin WebMMoviePlayer
LogPluginManager: Mounting plugin WindowsMoviePlayer
LogPluginManager: Mounting plugin ScreenshotTools
LogInit: Using libcurl 7.55.1-DEV
LogInit:  - built for x86_64-pc-win32
LogInit:  - supports SSL with OpenSSL/1.1.1
LogInit:  - supports HTTP deflate (compression) using libz 1.2.8
LogInit:  - other features:
LogInit:      CURL_VERSION_SSL
LogInit:      CURL_VERSION_LIBZ
LogInit:      CURL_VERSION_IPV6
LogInit:      CURL_VERSION_ASYNCHDNS
LogInit:      CURL_VERSION_LARGEFILE
LogInit:      CURL_VERSION_IDN
LogInit:  CurlRequestOptions (configurable via config and command line):
LogInit:  - bVerifyPeer = true  - Libcurl will verify peer certificate
LogInit:  - bUseHttpProxy = false  - Libcurl will NOT use HTTP proxy
LogInit:  - bDontReuseConnections = false  - Libcurl will reuse connections
LogInit:  - MaxHostConnections = 16  - Libcurl will limit the number of connections to a host
LogInit:  - LocalHostAddr = Default
LogInit:  - BufferSize = 65536
LogOnline: OSS: Creating online subsystem instance for: NULL
LogInit: WinSock: version 1.1 (2.2), MaxSocks=32767, MaxUdp=65467
LogOnline: OSS: TryLoadSubsystemAndSetDefault: Loaded subsystem for module [NULL]
LogOculusPluginWrapper: OculusPlugin initialized successfully
LogInit: Build: ++UE4+Release-4.25-CL-13594126
LogInit: Engine Version: 4.25.1-13594126+++UE4+Release-4.25
LogInit: Compatible Engine Version: 4.25.0-13144385+++UE4+Release-4.25
LogInit: Net CL: 13144385
LogInit: OS: Windows 10 (Release 1903) (), CPU: Intel(R) Core(TM) i7-7700 CPU @ 3.60GHz, GPU: NVIDIA GeForce GTX 1070
LogInit: Compiled (64-bit): Jun  2 2020 02:10:36
LogInit: Compiled with Visual C++: 19.24.28315.00
LogInit: Build Configuration: Development
LogInit: Branch Name: ++UE4+Release-4.25
LogInit: Command Line: 
LogInit: Base Directory: J:/Games/Epic Games/UE_4.25/Engine/Binaries/Win64/
LogInit: Allocator: TBB
LogInit: Installed Engine Build: 1
LogDevObjectVersion: Number of dev versions registered: 26
LogDevObjectVersion:   Dev-Blueprints (B0D832E4-1F89-4F0D-ACCF-7EB736FD4AA2): 10
LogDevObjectVersion:   Dev-Build (E1C64328-A22C-4D53-A36C-8E866417BD8C): 0
LogDevObjectVersion:   Dev-Core (375EC13C-06E4-48FB-B500-84F0262A717E): 4
LogDevObjectVersion:   Dev-Editor (E4B068ED-F494-42E9-A231-DA0B2E46BB41): 38
LogDevObjectVersion:   Dev-Framework (CFFC743F-43B0-4480-9391-14DF171D2073): 37
LogDevObjectVersion:   Dev-Mobile (B02B49B5-BB20-44E9-A304-32B752E40360): 2
LogDevObjectVersion:   Dev-Networking (A4E4105C-59A1-49B5-A7C5-40C4547EDFEE): 0
LogDevObjectVersion:   Dev-Online (39C831C9-5AE6-47DC-9A44-9C173E1C8E7C): 0
LogDevObjectVersion:   Dev-Physics (78F01B33-EBEA-4F98-B9B4-84EACCB95AA2): 4
LogDevObjectVersion:   Dev-Platform (6631380F-2D4D-43E0-8009-CF276956A95A): 0
LogDevObjectVersion:   Dev-Rendering (12F88B9F-8875-4AFC-A67C-D90C383ABD29): 43
LogDevObjectVersion:   Dev-Sequencer (7B5AE74C-D270-4C10-A958-57980B212A5A): 12
LogDevObjectVersion:   Dev-VR (D7296918-1DD6-4BDD-9DE2-64A83CC13884): 3
LogDevObjectVersion:   Dev-LoadTimes (C2A15278-BFE7-4AFE-6C17-90FF531DF755): 1
LogDevObjectVersion:   Private-Geometry (6EACA3D4-40EC-4CC1-B786-8BED09428FC5): 3
LogDevObjectVersion:   Dev-AnimPhys (29E575DD-E0A3-4627-9D10-D276232CDCEA): 17
LogDevObjectVersion:   Dev-Anim (AF43A65D-7FD3-4947-9873-3E8ED9C1BB05): 7
LogDevObjectVersion:   Dev-ReflectionCapture (6B266CEC-1EC7-4B8F-A30B-E4D90942FC07): 1
LogDevObjectVersion:   Dev-Automation (0DF73D61-A23F-47EA-B727-89E90C41499A): 1
LogDevObjectVersion:   FortniteMain (601D1886-AC64-4F84-AA16-D3DE0DEAC7D6): 31
LogDevObjectVersion:   Dev-Enterprise (9DFFBCD6-494F-0158-E221-12823C92A888): 10
LogDevObjectVersion:   Dev-Niagara (F2AED0AC-9AFE-416F-8664-AA7FFA26D6FC): 1
LogDevObjectVersion:   Dev-Destruction (174F1F0B-B4C6-45A5-B13F-2EE8D0FB917D): 10
LogDevObjectVersion:   Dev-Physics-Ext (35F94A83-E258-406C-A318-09F59610247C): 37
LogDevObjectVersion:   Dev-PhysicsMaterial-Chaos (B68FC16E-8B1B-42E2-B453-215C058844FE): 1
LogDevObjectVersion:   Dev-CineCamera (B2E18506-4273-CFC2-A54E-F4BB758BBA07): 1
LogInit: Presizing for max 25165824 objects, including 0 objects not considered by GC, pre-allocating 0 bytes for permanent pool.
LogConfig: Applying CVar settings from Section [/Script/Engine.StreamingSettings] File [J:/School/GMTKJam/BondPun/Saved/Config/Windows/Engine.ini]
LogConfig: Setting CVar [[s.MinBulkDataSizeForAsyncLoading:131072]]
LogConfig: Setting CVar [[s.AsyncLoadingThreadEnabled:0]]
LogConfig: Setting CVar [[s.EventDrivenLoaderEnabled:1]]
LogConfig: Setting CVar [[s.WarnIfTimeLimitExceeded:0]]
LogConfig: Setting CVar [[s.TimeLimitExceededMultiplier:1.5]]
LogConfig: Setting CVar [[s.TimeLimitExceededMinTime:0.005]]
LogConfig: Setting CVar [[s.UseBackgroundLevelStreaming:1]]
LogConfig: Setting CVar [[s.PriorityAsyncLoadingExtraTime:15.0]]
LogConfig: Setting CVar [[s.LevelStreamingActorsUpdateTimeLimit:5.0]]
LogConfig: Setting CVar [[s.PriorityLevelStreamingActorsUpdateExtraTime:5.0]]
LogConfig: Setting CVar [[s.LevelStreamingComponentsRegistrationGranularity:10]]
LogConfig: Setting CVar [[s.UnregisterComponentsTimeLimit:1.0]]
LogConfig: Setting CVar [[s.LevelStreamingComponentsUnregistrationGranularity:5]]
LogConfig: Setting CVar [[s.FlushStreamingOnExit:1]]
LogInit: Object subsystem initialized
LogConfig: Setting CVar [[con.DebugEarlyDefault:1]]
LogConfig: Setting CVar [[r.setres:1280x720]]
[2020.07.11-17.10.47:849][  0]LogConfig: Setting CVar [[r.VSync:0]]
[2020.07.11-17.10.47:849][  0]LogConfig: Setting CVar [[r.RHICmdBypass:0]]
[2020.07.11-17.10.47:849][  0]LogConfig: Applying CVar settings from Section [/Script/Engine.RendererSettings] File [J:/School/GMTKJam/BondPun/Saved/Config/Windows/Engine.ini]
[2020.07.11-17.10.47:849][  0]LogConfig: Setting CVar [[r.GPUCrashDebugging:0]]
[2020.07.11-17.10.47:849][  0]LogConfig: Applying CVar settings from Section [/Script/Engine.RendererOverrideSettings] File [J:/School/GMTKJam/BondPun/Saved/Config/Windows/Engine.ini]
[2020.07.11-17.10.47:849][  0]LogConfig: Applying CVar settings from Section [/Script/Engine.StreamingSettings] File [J:/School/GMTKJam/BondPun/Saved/Config/Windows/Engine.ini]
[2020.07.11-17.10.47:849][  0]LogConfig: Setting CVar [[s.MinBulkDataSizeForAsyncLoading:131072]]
[2020.07.11-17.10.47:849][  0]LogConfig: Setting CVar [[s.AsyncLoadingThreadEnabled:0]]
[2020.07.11-17.10.47:849][  0]LogConfig: Setting CVar [[s.EventDrivenLoaderEnabled:1]]
[2020.07.11-17.10.47:849][  0]LogConfig: Setting CVar [[s.WarnIfTimeLimitExceeded:0]]
[2020.07.11-17.10.47:849][  0]LogConfig: Setting CVar [[s.TimeLimitExceededMultiplier:1.5]]
[2020.07.11-17.10.47:849][  0]LogConfig: Setting CVar [[s.TimeLimitExceededMinTime:0.005]]
[2020.07.11-17.10.47:849][  0]LogConfig: Setting CVar [[s.UseBackgroundLevelStreaming:1]]
[2020.07.11-17.10.47:849][  0]LogConfig: Setting CVar [[s.PriorityAsyncLoadingExtraTime:15.0]]
[2020.07.11-17.10.47:849][  0]LogConfig: Setting CVar [[s.LevelStreamingActorsUpdateTimeLimit:5.0]]
[2020.07.11-17.10.47:849][  0]LogConfig: Setting CVar [[s.PriorityLevelStreamingActorsUpdateExtraTime:5.0]]
[2020.07.11-17.10.47:849][  0]LogConfig: Setting CVar [[s.LevelStreamingComponentsRegistrationGranularity:10]]
[2020.07.11-17.10.47:849][  0]LogConfig: Setting CVar [[s.UnregisterComponentsTimeLimit:1.0]]
[2020.07.11-17.10.47:849][  0]LogConfig: Setting CVar [[s.LevelStreamingComponentsUnregistrationGranularity:5]]
[2020.07.11-17.10.47:849][  0]LogConfig: Setting CVar [[s.FlushStreamingOnExit:1]]
[2020.07.11-17.10.47:849][  0]LogConfig: Applying CVar settings from Section [/Script/Engine.GarbageCollectionSettings] File [J:/School/GMTKJam/BondPun/Saved/Config/Windows/Engine.ini]
[2020.07.11-17.10.47:849][  0]LogConfig: Setting CVar [[gc.MaxObjectsNotConsideredByGC:1]]
[2020.07.11-17.10.47:849][  0]LogConfig: Setting CVar [[gc.SizeOfPermanentObjectPool:0]]
[2020.07.11-17.10.47:849][  0]LogConfig: Setting CVar [[gc.FlushStreamingOnGC:0]]
[2020.07.11-17.10.47:849][  0]LogConfig: Setting CVar [[gc.NumRetriesBeforeForcingGC:10]]
[2020.07.11-17.10.47:849][  0]LogConfig: Setting CVar [[gc.AllowParallelGC:1]]
[2020.07.11-17.10.47:849][  0]LogConfig: Setting CVar [[gc.TimeBetweenPurgingPendingKillObjects:61.1]]
[2020.07.11-17.10.47:849][  0]LogConfig: Setting CVar [[gc.MaxObjectsInEditor:25165824]]
[2020.07.11-17.10.47:849][  0]LogConfig: Setting CVar [[gc.IncrementalBeginDestroyEnabled:1]]
[2020.07.11-17.10.47:849][  0]LogConfig: Setting CVar [[gc.CreateGCClusters:1]]
[2020.07.11-17.10.47:849][  0]LogConfig: Setting CVar [[gc.MinGCClusterSize:5]]
[2020.07.11-17.10.47:849][  0]LogConfig: Setting CVar [[gc.ActorClusteringEnabled:0]]
[2020.07.11-17.10.47:849][  0]LogConfig: Setting CVar [[gc.BlueprintClusteringEnabled:0]]
[2020.07.11-17.10.47:849][  0]LogConfig: Setting CVar [[gc.UseDisregardForGCOnDedicatedServers:0]]
[2020.07.11-17.10.47:849][  0]LogConfig: Applying CVar settings from Section [/Script/Engine.NetworkSettings] File [J:/School/GMTKJam/BondPun/Saved/Config/Windows/Engine.ini]
[2020.07.11-17.10.47:849][  0]LogConfig: Applying CVar settings from Section [/Script/UnrealEd.CookerSettings] File [J:/School/GMTKJam/BondPun/Saved/Config/Windows/Engine.ini]
[2020.07.11-17.10.47:853][  0]LogConfig: Applying CVar settings from Section [ViewDistanceQuality@3] File [J:/School/GMTKJam/BondPun/Saved/Config/Windows/Scalability.ini]
[2020.07.11-17.10.47:853][  0]LogConfig: Setting CVar [[r.SkeletalMeshLODBias:0]]
[2020.07.11-17.10.47:853][  0]LogConfig: Setting CVar [[r.ViewDistanceScale:1.0]]
[2020.07.11-17.10.47:853][  0]LogConfig: Applying CVar settings from Section [AntiAliasingQuality@3] File [J:/School/GMTKJam/BondPun/Saved/Config/Windows/Scalability.ini]
[2020.07.11-17.10.47:853][  0]LogConfig: Setting CVar [[r.PostProcessAAQuality:4]]
[2020.07.11-17.10.47:853][  0]LogConfig: Applying CVar settings from Section [ShadowQuality@3] File [J:/School/GMTKJam/BondPun/Saved/Config/Windows/Scalability.ini]
[2020.07.11-17.10.47:853][  0]LogConfig: Setting CVar [[r.LightFunctionQuality:1]]
[2020.07.11-17.10.47:853][  0]LogConfig: Setting CVar [[r.ShadowQuality:5]]
[2020.07.11-17.10.47:853][  0]LogConfig: Setting CVar [[r.Shadow.CSM.MaxCascades:10]]
[2020.07.11-17.10.47:853][  0]LogConfig: Setting CVar [[r.Shadow.MaxResolution:2048]]
[2020.07.11-17.10.47:853][  0]LogConfig: Setting CVar [[r.Shadow.MaxCSMResolution:2048]]
[2020.07.11-17.10.47:853][  0]LogConfig: Setting CVar [[r.Shadow.RadiusThreshold:0.01]]
[2020.07.11-17.10.47:853][  0]LogConfig: Setting CVar [[r.Shadow.DistanceScale:1.0]]
[2020.07.11-17.10.47:853][  0]LogConfig: Setting CVar [[r.Shadow.CSM.TransitionScale:1.0]]
[2020.07.11-17.10.47:854][  0]LogConfig: Setting CVar [[r.Shadow.PreShadowResolutionFactor:1.0]]
[2020.07.11-17.10.47:854][  0]LogConfig: Setting CVar [[r.DistanceFieldShadowing:1]]
[2020.07.11-17.10.47:854][  0]LogConfig: Setting CVar [[r.DistanceFieldAO:1]]
[2020.07.11-17.10.47:854][  0]LogConfig: Setting CVar [[r.AOQuality:2]]
[2020.07.11-17.10.47:854][  0]LogConfig: Setting CVar [[r.VolumetricFog:1]]
[2020.07.11-17.10.47:854][  0]LogConfig: Setting CVar [[r.VolumetricFog.GridPixelSize:8]]
[2020.07.11-17.10.47:854][  0]LogConfig: Setting CVar [[r.VolumetricFog.GridSizeZ:128]]
[2020.07.11-17.10.47:854][  0]LogConfig: Setting CVar [[r.VolumetricFog.HistoryMissSupersampleCount:4]]
[2020.07.11-17.10.47:854][  0]LogConfig: Setting CVar [[r.LightMaxDrawDistanceScale:1]]
[2020.07.11-17.10.47:854][  0]LogConfig: Setting CVar [[r.CapsuleShadows:1]]
[2020.07.11-17.10.47:854][  0]LogConfig: Applying CVar settings from Section [PostProcessQuality@3] File [J:/School/GMTKJam/BondPun/Saved/Config/Windows/Scalability.ini]
[2020.07.11-17.10.47:854][  0]LogConfig: Setting CVar [[r.MotionBlurQuality:4]]
[2020.07.11-17.10.47:854][  0]LogConfig: Setting CVar [[r.AmbientOcclusionMipLevelFactor:0.4]]
[2020.07.11-17.10.47:854][  0]LogConfig: Setting CVar [[r.AmbientOcclusionMaxQuality:100]]
[2020.07.11-17.10.47:854][  0]LogConfig: Setting CVar [[r.AmbientOcclusionLevels:-1]]
[2020.07.11-17.10.47:854][  0]LogConfig: Setting CVar [[r.AmbientOcclusionRadiusScale:1.0]]
[2020.07.11-17.10.47:854][  0]LogConfig: Setting CVar [[r.DepthOfFieldQuality:2]]
[2020.07.11-17.10.47:854][  0]LogConfig: Setting CVar [[r.RenderTargetPoolMin:400]]
[2020.07.11-17.10.47:854][  0]LogConfig: Setting CVar [[r.LensFlareQuality:2]]
[2020.07.11-17.10.47:854][  0]LogConfig: Setting CVar [[r.SceneColorFringeQuality:1]]
[2020.07.11-17.10.47:854][  0]LogConfig: Setting CVar [[r.EyeAdaptationQuality:2]]
[2020.07.11-17.10.47:854][  0]LogConfig: Setting CVar [[r.BloomQuality:5]]
[2020.07.11-17.10.47:854][  0]LogConfig: Setting CVar [[r.FastBlurThreshold:100]]
[2020.07.11-17.10.47:854][  0]LogConfig: Setting CVar [[r.Upscale.Quality:3]]
[2020.07.11-17.10.47:854][  0]LogConfig: Setting CVar [[r.Tonemapper.GrainQuantization:1]]
[2020.07.11-17.10.47:854][  0]LogConfig: Setting CVar [[r.LightShaftQuality:1]]
[2020.07.11-17.10.47:854][  0]LogConfig: Setting CVar [[r.Filter.SizeScale:1]]
[2020.07.11-17.10.47:854][  0]LogConfig: Setting CVar [[r.Tonemapper.Quality:5]]
[2020.07.11-17.10.47:854][  0]LogConfig: Setting CVar [[r.DOF.Gather.AccumulatorQuality:1        ; higher gathering accumulator quality]]
[2020.07.11-17.10.47:854][  0]LogConfig: Setting CVar [[r.DOF.Gather.PostfilterMethod:1          ; Median3x3 postfilering method]]
[2020.07.11-17.10.47:854][  0]LogConfig: Setting CVar [[r.DOF.Gather.EnableBokehSettings:0       ; no bokeh simulation when gathering]]
[2020.07.11-17.10.47:854][  0]LogConfig: Setting CVar [[r.DOF.Gather.RingCount:4                 ; medium number of samples when gathering]]
[2020.07.11-17.10.47:854][  0]LogConfig: Setting CVar [[r.DOF.Scatter.ForegroundCompositing:1    ; additive foreground scattering]]
[2020.07.11-17.10.47:854][  0]LogConfig: Setting CVar [[r.DOF.Scatter.BackgroundCompositing:2    ; additive background scattering]]
[2020.07.11-17.10.47:854][  0]LogConfig: Setting CVar [[r.DOF.Scatter.EnableBokehSettings:1      ; bokeh simulation when scattering]]
[2020.07.11-17.10.47:854][  0]LogConfig: Setting CVar [[r.DOF.Scatter.MaxSpriteRatio:0.1         ; only a maximum of 10% of scattered bokeh]]
[2020.07.11-17.10.47:854][  0]LogConfig: Setting CVar [[r.DOF.Recombine.Quality:1                ; cheap slight out of focus]]
[2020.07.11-17.10.47:854][  0]LogConfig: Setting CVar [[r.DOF.Recombine.EnableBokehSettings:0    ; no bokeh simulation on slight out of focus]]
[2020.07.11-17.10.47:854][  0]LogConfig: Setting CVar [[r.DOF.TemporalAAQuality:1                ; more stable temporal accumulation]]
[2020.07.11-17.10.47:854][  0]LogConfig: Setting CVar [[r.DOF.Kernel.MaxForegroundRadius:0.025]]
[2020.07.11-17.10.47:854][  0]LogConfig: Setting CVar [[r.DOF.Kernel.MaxBackgroundRadius:0.025]]
[2020.07.11-17.10.47:854][  0]LogConfig: Applying CVar settings from Section [TextureQuality@3] File [J:/School/GMTKJam/BondPun/Saved/Config/Windows/Scalability.ini]
[2020.07.11-17.10.47:854][  0]LogConfig: Setting CVar [[r.Streaming.MipBias:0]]
[2020.07.11-17.10.47:854][  0]LogConfig: Setting CVar [[r.Streaming.AmortizeCPUToGPUCopy:0]]
[2020.07.11-17.10.47:854][  0]LogConfig: Setting CVar [[r.Streaming.MaxNumTexturesToStreamPerFrame:0]]
[2020.07.11-17.10.47:854][  0]LogConfig: Setting CVar [[r.Streaming.Boost:1]]
[2020.07.11-17.10.47:854][  0]LogConfig: Setting CVar [[r.MaxAnisotropy:8]]
[2020.07.11-17.10.47:854][  0]LogConfig: Setting CVar [[r.VT.MaxAnisotropy:8]]
[2020.07.11-17.10.47:854][  0]LogConfig: Setting CVar [[r.Streaming.LimitPoolSizeToVRAM:0]]
[2020.07.11-17.10.47:854][  0]LogConfig: Setting CVar [[r.Streaming.PoolSize:1000]]
[2020.07.11-17.10.47:854][  0]LogConfig: Setting CVar [[r.Streaming.MaxEffectiveScreenSize:0]]
[2020.07.11-17.10.47:854][  0]LogConfig: Applying CVar settings from Section [EffectsQuality@3] File [J:/School/GMTKJam/BondPun/Saved/Config/Windows/Scalability.ini]
[2020.07.11-17.10.47:854][  0]LogConfig: Setting CVar [[r.TranslucencyLightingVolumeDim:64]]
[2020.07.11-17.10.47:854][  0]LogConfig: Setting CVar [[r.RefractionQuality:2]]
[2020.07.11-17.10.47:854][  0]LogConfig: Setting CVar [[r.SSR.Quality:3]]
[2020.07.11-17.10.47:854][  0]LogConfig: Setting CVar [[r.SSR.HalfResSceneColor:0]]
[2020.07.11-17.10.47:854][  0]LogConfig: Setting CVar [[r.SceneColorFormat:4]]
[2020.07.11-17.10.47:854][  0]LogConfig: Setting CVar [[r.DetailMode:2]]
[2020.07.11-17.10.47:854][  0]LogConfig: Setting CVar [[r.TranslucencyVolumeBlur:1]]
[2020.07.11-17.10.47:854][  0]LogConfig: Setting CVar [[r.MaterialQualityLevel:1 ; High quality]]
[2020.07.11-17.10.47:854][  0]LogConfig: Setting CVar [[r.SSS.Scale:1]]
[2020.07.11-17.10.47:854][  0]LogConfig: Setting CVar [[r.SSS.SampleSet:2]]
[2020.07.11-17.10.47:854][  0]LogConfig: Setting CVar [[r.SSS.Quality:1]]
[2020.07.11-17.10.47:854][  0]LogConfig: Setting CVar [[r.SSS.HalfRes:0]]
[2020.07.11-17.10.47:854][  0]LogConfig: Setting CVar [[r.SSGI.Quality:3]]
[2020.07.11-17.10.47:854][  0]LogConfig: Setting CVar [[r.EmitterSpawnRateScale:1.0]]
[2020.07.11-17.10.47:854][  0]LogConfig: Setting CVar [[r.ParticleLightQuality:2]]
[2020.07.11-17.10.47:854][  0]LogConfig: Setting CVar [[r.SkyAtmosphere.AerialPerspectiveLUT.FastApplyOnOpaque:1 ; Always have FastSkyLUT 1 in this case to avoid wrong sky]]
[2020.07.11-17.10.47:854][  0]LogConfig: Setting CVar [[r.SkyAtmosphere.AerialPerspectiveLUT.SampleCountPerSlice:1]]
[2020.07.11-17.10.47:854][  0]LogConfig: Setting CVar [[r.SkyAtmosphere.AerialPerspectiveLUT.DepthResolution:16.0]]
[2020.07.11-17.10.47:854][  0]LogConfig: Setting CVar [[r.SkyAtmosphere.FastSkyLUT:1]]
[2020.07.11-17.10.47:854][  0]LogConfig: Setting CVar [[r.SkyAtmosphere.FastSkyLUT.SampleCountMin:4.0]]
[2020.07.11-17.10.47:854][  0]LogConfig: Setting CVar [[r.SkyAtmosphere.FastSkyLUT.SampleCountMax:32.0]]
[2020.07.11-17.10.47:854][  0]LogConfig: Setting CVar [[r.SkyAtmosphere.SampleCountMin:4.0]]
[2020.07.11-17.10.47:855][  0]LogConfig: Setting CVar [[r.SkyAtmosphere.SampleCountMax:32.0]]
[2020.07.11-17.10.47:855][  0]LogConfig: Setting CVar [[r.SkyAtmosphere.TransmittanceLUT.UseSmallFormat:0]]
[2020.07.11-17.10.47:855][  0]LogConfig: Setting CVar [[r.SkyAtmosphere.TransmittanceLUT.SampleCount:10.0]]
[2020.07.11-17.10.47:855][  0]LogConfig: Setting CVar [[r.SkyAtmosphere.MultiScatteringLUT.SampleCount:15.0]]
[2020.07.11-17.10.47:855][  0]LogConfig: Applying CVar settings from Section [FoliageQuality@3] File [J:/School/GMTKJam/BondPun/Saved/Config/Windows/Scalability.ini]
[2020.07.11-17.10.47:855][  0]LogConfig: Setting CVar [[foliage.DensityScale:1.0]]
[2020.07.11-17.10.47:855][  0]LogConfig: Setting CVar [[grass.DensityScale:1.0]]
[2020.07.11-17.10.47:855][  0]LogConfig: Applying CVar settings from Section [ShadingQuality@3] File [J:/School/GMTKJam/BondPun/Saved/Config/Windows/Scalability.ini]
[2020.07.11-17.10.47:855][  0]LogConfig: Setting CVar [[r.HairStrands.SkyLighting.SampleCount:16]]
[2020.07.11-17.10.47:855][  0]LogConfig: Setting CVar [[r.HairStrands.SkyLighting.JitterIntegration:0]]
[2020.07.11-17.10.47:855][  0]LogConfig: Setting CVar [[r.HairStrands.SkyAO.SampleCount:16]]
[2020.07.11-17.10.47:855][  0]LogConfig: Setting CVar [[r.HairStrands.DeepShadow.SuperSampling:0]]
[2020.07.11-17.10.47:855][  0]LogConfig: Setting CVar [[r.HairStrands.VisibilityPPLL:0]]
[2020.07.11-17.10.47:855][  0]LogConfig: Setting CVar [[r.HairStrands.RasterizationScale:0.5]]
[2020.07.11-17.10.47:855][  0]LogConfig: Setting CVar [[r.HairStrands.VelocityRasterizationScale:1]]
[2020.07.11-17.10.47:855][  0]LogInit: Selected Device Profile: [Windows]
[2020.07.11-17.10.47:855][  0]LogInit: Applying CVar settings loaded from the selected device profile: [Windows]
[2020.07.11-17.10.47:855][  0]LogHAL: Display: Platform has ~ 16 GB [17143713792 / 17179869184 / 16], which maps to Larger [LargestMinGB=32, LargerMinGB=12, DefaultMinGB=8, SmallerMinGB=6, SmallestMinGB=0)
[2020.07.11-17.10.47:855][  0]LogInit: Going up to parent DeviceProfile []
[2020.07.11-17.10.47:855][  0]LogConfig: Applying CVar settings from Section [ViewDistanceQuality@3] File [J:/School/GMTKJam/BondPun/Saved/Config/Windows/Scalability.ini]
[2020.07.11-17.10.47:855][  0]LogConfig: Setting CVar [[r.SkeletalMeshLODBias:0]]
[2020.07.11-17.10.47:855][  0]LogConfig: Setting CVar [[r.ViewDistanceScale:1.0]]
[2020.07.11-17.10.47:855][  0]LogConfig: Applying CVar settings from Section [AntiAliasingQuality@3] File [J:/School/GMTKJam/BondPun/Saved/Config/Windows/Scalability.ini]
[2020.07.11-17.10.47:855][  0]LogConfig: Setting CVar [[r.PostProcessAAQuality:4]]
[2020.07.11-17.10.47:855][  0]LogConfig: Applying CVar settings from Section [ShadowQuality@3] File [J:/School/GMTKJam/BondPun/Saved/Config/Windows/Scalability.ini]
[2020.07.11-17.10.47:855][  0]LogConfig: Setting CVar [[r.LightFunctionQuality:1]]
[2020.07.11-17.10.47:855][  0]LogConfig: Setting CVar [[r.ShadowQuality:5]]
[2020.07.11-17.10.47:855][  0]LogConfig: Setting CVar [[r.Shadow.CSM.MaxCascades:10]]
[2020.07.11-17.10.47:855][  0]LogConfig: Setting CVar [[r.Shadow.MaxResolution:2048]]
[2020.07.11-17.10.47:855][  0]LogConfig: Setting CVar [[r.Shadow.MaxCSMResolution:2048]]
[2020.07.11-17.10.47:855][  0]LogConfig: Setting CVar [[r.Shadow.RadiusThreshold:0.01]]
[2020.07.11-17.10.47:855][  0]LogConfig: Setting CVar [[r.Shadow.DistanceScale:1.0]]
[2020.07.11-17.10.47:855][  0]LogConfig: Setting CVar [[r.Shadow.CSM.TransitionScale:1.0]]
[2020.07.11-17.10.47:855][  0]LogConfig: Setting CVar [[r.Shadow.PreShadowResolutionFactor:1.0]]
[2020.07.11-17.10.47:855][  0]LogConfig: Setting CVar [[r.DistanceFieldShadowing:1]]
[2020.07.11-17.10.47:855][  0]LogConfig: Setting CVar [[r.DistanceFieldAO:1]]
[2020.07.11-17.10.47:855][  0]LogConfig: Setting CVar [[r.AOQuality:2]]
[2020.07.11-17.10.47:855][  0]LogConfig: Setting CVar [[r.VolumetricFog:1]]
[2020.07.11-17.10.47:855][  0]LogConfig: Setting CVar [[r.VolumetricFog.GridPixelSize:8]]
[2020.07.11-17.10.47:855][  0]LogConfig: Setting CVar [[r.VolumetricFog.GridSizeZ:128]]
[2020.07.11-17.10.47:855][  0]LogConfig: Setting CVar [[r.VolumetricFog.HistoryMissSupersampleCount:4]]
[2020.07.11-17.10.47:855][  0]LogConfig: Setting CVar [[r.LightMaxDrawDistanceScale:1]]
[2020.07.11-17.10.47:855][  0]LogConfig: Setting CVar [[r.CapsuleShadows:1]]
[2020.07.11-17.10.47:855][  0]LogConfig: Applying CVar settings from Section [PostProcessQuality@3] File [J:/School/GMTKJam/BondPun/Saved/Config/Windows/Scalability.ini]
[2020.07.11-17.10.47:855][  0]LogConfig: Setting CVar [[r.MotionBlurQuality:4]]
[2020.07.11-17.10.47:855][  0]LogConfig: Setting CVar [[r.AmbientOcclusionMipLevelFactor:0.4]]
[2020.07.11-17.10.47:855][  0]LogConfig: Setting CVar [[r.AmbientOcclusionMaxQuality:100]]
[2020.07.11-17.10.47:855][  0]LogConfig: Setting CVar [[r.AmbientOcclusionLevels:-1]]
[2020.07.11-17.10.47:855][  0]LogConfig: Setting CVar [[r.AmbientOcclusionRadiusScale:1.0]]
[2020.07.11-17.10.47:855][  0]LogConfig: Setting CVar [[r.DepthOfFieldQuality:2]]
[2020.07.11-17.10.47:855][  0]LogConfig: Setting CVar [[r.RenderTargetPoolMin:400]]
[2020.07.11-17.10.47:855][  0]LogConfig: Setting CVar [[r.LensFlareQuality:2]]
[2020.07.11-17.10.47:855][  0]LogConfig: Setting CVar [[r.SceneColorFringeQuality:1]]
[2020.07.11-17.10.47:855][  0]LogConfig: Setting CVar [[r.EyeAdaptationQuality:2]]
[2020.07.11-17.10.47:855][  0]LogConfig: Setting CVar [[r.BloomQuality:5]]
[2020.07.11-17.10.47:855][  0]LogConfig: Setting CVar [[r.FastBlurThreshold:100]]
[2020.07.11-17.10.47:855][  0]LogConfig: Setting CVar [[r.Upscale.Quality:3]]
[2020.07.11-17.10.47:855][  0]LogConfig: Setting CVar [[r.Tonemapper.GrainQuantization:1]]
[2020.07.11-17.10.47:855][  0]LogConfig: Setting CVar [[r.LightShaftQuality:1]]
[2020.07.11-17.10.47:856][  0]LogConfig: Setting CVar [[r.Filter.SizeScale:1]]
[2020.07.11-17.10.47:856][  0]LogConfig: Setting CVar [[r.Tonemapper.Quality:5]]
[2020.07.11-17.10.47:856][  0]LogConfig: Setting CVar [[r.DOF.Gather.AccumulatorQuality:1        ; higher gathering accumulator quality]]
[2020.07.11-17.10.47:856][  0]LogConfig: Setting CVar [[r.DOF.Gather.PostfilterMethod:1          ; Median3x3 postfilering method]]
[2020.07.11-17.10.47:856][  0]LogConfig: Setting CVar [[r.DOF.Gather.EnableBokehSettings:0       ; no bokeh simulation when gathering]]
[2020.07.11-17.10.47:856][  0]LogConfig: Setting CVar [[r.DOF.Gather.RingCount:4                 ; medium number of samples when gathering]]
[2020.07.11-17.10.47:856][  0]LogConfig: Setting CVar [[r.DOF.Scatter.ForegroundCompositing:1    ; additive foreground scattering]]
[2020.07.11-17.10.47:856][  0]LogConfig: Setting CVar [[r.DOF.Scatter.BackgroundCompositing:2    ; additive background scattering]]
[2020.07.11-17.10.47:856][  0]LogConfig: Setting CVar [[r.DOF.Scatter.EnableBokehSettings:1      ; bokeh simulation when scattering]]
[2020.07.11-17.10.47:856][  0]LogConfig: Setting CVar [[r.DOF.Scatter.MaxSpriteRatio:0.1         ; only a maximum of 10% of scattered bokeh]]
[2020.07.11-17.10.47:856][  0]LogConfig: Setting CVar [[r.DOF.Recombine.Quality:1                ; cheap slight out of focus]]
[2020.07.11-17.10.47:856][  0]LogConfig: Setting CVar [[r.DOF.Recombine.EnableBokehSettings:0    ; no bokeh simulation on slight out of focus]]
[2020.07.11-17.10.47:856][  0]LogConfig: Setting CVar [[r.DOF.TemporalAAQuality:1                ; more stable temporal accumulation]]
[2020.07.11-17.10.47:856][  0]LogConfig: Setting CVar [[r.DOF.Kernel.MaxForegroundRadius:0.025]]
[2020.07.11-17.10.47:856][  0]LogConfig: Setting CVar [[r.DOF.Kernel.MaxBackgroundRadius:0.025]]
[2020.07.11-17.10.47:856][  0]LogConfig: Applying CVar settings from Section [TextureQuality@3] File [J:/School/GMTKJam/BondPun/Saved/Config/Windows/Scalability.ini]
[2020.07.11-17.10.47:856][  0]LogConfig: Setting CVar [[r.Streaming.MipBias:0]]
[2020.07.11-17.10.47:856][  0]LogConfig: Setting CVar [[r.Streaming.AmortizeCPUToGPUCopy:0]]
[2020.07.11-17.10.47:856][  0]LogConfig: Setting CVar [[r.Streaming.MaxNumTexturesToStreamPerFrame:0]]
[2020.07.11-17.10.47:856][  0]LogConfig: Setting CVar [[r.Streaming.Boost:1]]
[2020.07.11-17.10.47:856][  0]LogConfig: Setting CVar [[r.MaxAnisotropy:8]]
[2020.07.11-17.10.47:856][  0]LogConfig: Setting CVar [[r.VT.MaxAnisotropy:8]]
[2020.07.11-17.10.47:856][  0]LogConfig: Setting CVar [[r.Streaming.LimitPoolSizeToVRAM:0]]
[2020.07.11-17.10.47:856][  0]LogConfig: Setting CVar [[r.Streaming.PoolSize:1000]]
[2020.07.11-17.10.47:856][  0]LogConfig: Setting CVar [[r.Streaming.MaxEffectiveScreenSize:0]]
[2020.07.11-17.10.47:856][  0]LogConfig: Applying CVar settings from Section [EffectsQuality@3] File [J:/School/GMTKJam/BondPun/Saved/Config/Windows/Scalability.ini]
[2020.07.11-17.10.47:856][  0]LogConfig: Setting CVar [[r.TranslucencyLightingVolumeDim:64]]
[2020.07.11-17.10.47:856][  0]LogConfig: Setting CVar [[r.RefractionQuality:2]]
[2020.07.11-17.10.47:856][  0]LogConfig: Setting CVar [[r.SSR.Quality:3]]
[2020.07.11-17.10.47:856][  0]LogConfig: Setting CVar [[r.SSR.HalfResSceneColor:0]]
[2020.07.11-17.10.47:856][  0]LogConfig: Setting CVar [[r.SceneColorFormat:4]]
[2020.07.11-17.10.47:856][  0]LogConfig: Setting CVar [[r.DetailMode:2]]
[2020.07.11-17.10.47:856][  0]LogConfig: Setting CVar [[r.TranslucencyVolumeBlur:1]]
[2020.07.11-17.10.47:856][  0]LogConfig: Setting CVar [[r.MaterialQualityLevel:1 ; High quality]]
[2020.07.11-17.10.47:856][  0]LogConfig: Setting CVar [[r.SSS.Scale:1]]
[2020.07.11-17.10.47:856][  0]LogConfig: Setting CVar [[r.SSS.SampleSet:2]]
[2020.07.11-17.10.47:856][  0]LogConfig: Setting CVar [[r.SSS.Quality:1]]
[2020.07.11-17.10.47:856][  0]LogConfig: Setting CVar [[r.SSS.HalfRes:0]]
[2020.07.11-17.10.47:856][  0]LogConfig: Setting CVar [[r.SSGI.Quality:3]]
[2020.07.11-17.10.47:856][  0]LogConfig: Setting CVar [[r.EmitterSpawnRateScale:1.0]]
[2020.07.11-17.10.47:856][  0]LogConfig: Setting CVar [[r.ParticleLightQuality:2]]
[2020.07.11-17.10.47:856][  0]LogConfig: Setting CVar [[r.SkyAtmosphere.AerialPerspectiveLUT.FastApplyOnOpaque:1 ; Always have FastSkyLUT 1 in this case to avoid wrong sky]]
[2020.07.11-17.10.47:856][  0]LogConfig: Setting CVar [[r.SkyAtmosphere.AerialPerspectiveLUT.SampleCountPerSlice:1]]
[2020.07.11-17.10.47:856][  0]LogConfig: Setting CVar [[r.SkyAtmosphere.AerialPerspectiveLUT.DepthResolution:16.0]]
[2020.07.11-17.10.47:856][  0]LogConfig: Setting CVar [[r.SkyAtmosphere.FastSkyLUT:1]]
[2020.07.11-17.10.47:856][  0]LogConfig: Setting CVar [[r.SkyAtmosphere.FastSkyLUT.SampleCountMin:4.0]]
[2020.07.11-17.10.47:856][  0]LogConfig: Setting CVar [[r.SkyAtmosphere.FastSkyLUT.SampleCountMax:32.0]]
[2020.07.11-17.10.47:856][  0]LogConfig: Setting CVar [[r.SkyAtmosphere.SampleCountMin:4.0]]
[2020.07.11-17.10.47:856][  0]LogConfig: Setting CVar [[r.SkyAtmosphere.SampleCountMax:32.0]]
[2020.07.11-17.10.47:856][  0]LogConfig: Setting CVar [[r.SkyAtmosphere.TransmittanceLUT.UseSmallFormat:0]]
[2020.07.11-17.10.47:856][  0]LogConfig: Setting CVar [[r.SkyAtmosphere.TransmittanceLUT.SampleCount:10.0]]
[2020.07.11-17.10.47:856][  0]LogConfig: Setting CVar [[r.SkyAtmosphere.MultiScatteringLUT.SampleCount:15.0]]
[2020.07.11-17.10.47:856][  0]LogConfig: Applying CVar settings from Section [FoliageQuality@3] File [J:/School/GMTKJam/BondPun/Saved/Config/Windows/Scalability.ini]
[2020.07.11-17.10.47:856][  0]LogConfig: Setting CVar [[foliage.DensityScale:1.0]]
[2020.07.11-17.10.47:856][  0]LogConfig: Setting CVar [[grass.DensityScale:1.0]]
[2020.07.11-17.10.47:856][  0]LogConfig: Applying CVar settings from Section [ShadingQuality@3] File [J:/School/GMTKJam/BondPun/Saved/Config/Windows/Scalability.ini]
[2020.07.11-17.10.47:856][  0]LogConfig: Setting CVar [[r.HairStrands.SkyLighting.SampleCount:16]]
[2020.07.11-17.10.47:856][  0]LogConfig: Setting CVar [[r.HairStrands.SkyLighting.JitterIntegration:0]]
[2020.07.11-17.10.47:856][  0]LogConfig: Setting CVar [[r.HairStrands.SkyAO.SampleCount:16]]
[2020.07.11-17.10.47:856][  0]LogConfig: Setting CVar [[r.HairStrands.DeepShadow.SuperSampling:0]]
[2020.07.11-17.10.47:857][  0]LogConfig: Setting CVar [[r.HairStrands.VisibilityPPLL:0]]
[2020.07.11-17.10.47:857][  0]LogConfig: Setting CVar [[r.HairStrands.RasterizationScale:0.5]]
[2020.07.11-17.10.47:857][  0]LogConfig: Setting CVar [[r.HairStrands.VelocityRasterizationScale:1]]
[2020.07.11-17.10.47:857][  0]LogConfig: Applying CVar settings from Section [Startup] File [../../../Engine/Config/ConsoleVariables.ini]
[2020.07.11-17.10.47:857][  0]LogConfig: Setting CVar [[net.UseAdaptiveNetUpdateFrequency:0]]
[2020.07.11-17.10.47:857][  0]LogConfig: Setting CVar [[p.chaos.AllowCreatePhysxBodies:1]]
[2020.07.11-17.10.47:857][  0]LogConfig: Setting CVar [[fx.SkipVectorVMBackendOptimizations:1]]
[2020.07.11-17.10.47:857][  0]LogConfig: Applying CVar settings from Section [ConsoleVariables] File [J:/School/GMTKJam/BondPun/Saved/Config/Windows/Engine.ini]
[2020.07.11-17.10.47:857][  0]LogInit: Computer: DESKTOP-7I150DJ
[2020.07.11-17.10.47:857][  0]LogInit: User: James
[2020.07.11-17.10.47:857][  0]LogInit: CPU Page size=4096, Cores=4
[2020.07.11-17.10.47:857][  0]LogInit: High frequency timer resolution =10.000000 MHz
[2020.07.11-17.10.47:857][  0]LogMemory: Memory total: Physical=16.0GB (16GB approx)
[2020.07.11-17.10.47:857][  0]LogMemory: Platform Memory Stats for Windows
[2020.07.11-17.10.47:857][  0]LogMemory: Process Physical Memory: 121.13 MB used, 121.14 MB peak
[2020.07.11-17.10.47:857][  0]LogMemory: Process Virtual Memory: 104.69 MB used, 104.69 MB peak
[2020.07.11-17.10.47:857][  0]LogMemory: Physical Memory: 6027.45 MB used,  10322.07 MB free, 16349.52 MB total
[2020.07.11-17.10.47:857][  0]LogMemory: Virtual Memory: 5192.75 MB used,  134212536.00 MB free, 134217728.00 MB total
[2020.07.11-17.10.47:863][  0]LogWindows: WindowsPlatformFeatures enabled
[2020.07.11-17.10.47:893][  0]LogInit: Physics initialised using underlying interface: PhysX
[2020.07.11-17.10.47:894][  0]LogInit: Using OS detected language (en-US).
[2020.07.11-17.10.47:895][  0]LogInit: Using OS detected locale (en-US).
[2020.07.11-17.10.47:896][  0]LogTextLocalizationManager: No specific localization for 'en-US' exists, so the 'en' localization will be used.
[2020.07.11-17.10.48:059][  0]LogInit: Setting process to per monitor DPI aware
[2020.07.11-17.10.48:104][  0]LogSlate: New Slate User Created.  User Index 0, Is Virtual User: 0
[2020.07.11-17.10.48:104][  0]LogSlate: Slate User Registered.  User Index 0, Is Virtual User: 0
[2020.07.11-17.10.48:246][  0]LogD3D11RHI: D3D11 min allowed feature level: 11_0
[2020.07.11-17.10.48:246][  0]LogD3D11RHI: D3D11 max allowed feature level: 11_0
[2020.07.11-17.10.48:246][  0]LogD3D11RHI: D3D11 adapters:
[2020.07.11-17.10.48:302][  0]LogD3D11RHI:    0. 'NVIDIA GeForce GTX 1070' (Feature Level 11_0)
[2020.07.11-17.10.48:302][  0]LogD3D11RHI:       8088/0/8174 MB DedicatedVideo/DedicatedSystem/SharedSystem, Outputs:2, VendorId:0x10de
[2020.07.11-17.10.48:304][  0]LogD3D11RHI:    1. 'Microsoft Basic Render Driver' (Feature Level 11_0)
[2020.07.11-17.10.48:304][  0]LogD3D11RHI:       0/0/8174 MB DedicatedVideo/DedicatedSystem/SharedSystem, Outputs:0, VendorId:0x1414
[2020.07.11-17.10.48:304][  0]LogD3D11RHI: Chosen D3D11 Adapter: 0
[2020.07.11-17.10.48:312][  0]LogD3D11RHI: Creating new Direct3DDevice
[2020.07.11-17.10.48:312][  0]LogD3D11RHI:     GPU DeviceId: 0x1b81 (for the marketing name, search the web for "GPU Device Id")
[2020.07.11-17.10.48:312][  0]LogWindows: EnumDisplayDevices:
[2020.07.11-17.10.48:312][  0]LogWindows:    0. 'NVIDIA GeForce GTX 1070' (P:1 D:1)
[2020.07.11-17.10.48:312][  0]LogWindows:    1. 'NVIDIA GeForce GTX 1070' (P:0 D:1)
[2020.07.11-17.10.48:313][  0]LogWindows:    2. 'NVIDIA GeForce GTX 1070' (P:0 D:0)
[2020.07.11-17.10.48:313][  0]LogWindows:    3. 'NVIDIA GeForce GTX 1070' (P:0 D:0)
[2020.07.11-17.10.48:313][  0]LogWindows: DebugString: FoundDriverCount:4 
[2020.07.11-17.10.48:313][  0]LogD3D11RHI:     Adapter Name: NVIDIA GeForce GTX 1070
[2020.07.11-17.10.48:313][  0]LogD3D11RHI:   Driver Version: 442.59 (internal:26.21.14.4259, unified:442.59)
[2020.07.11-17.10.48:313][  0]LogD3D11RHI:      Driver Date: 3-4-2020
[2020.07.11-17.10.48:313][  0]LogRHI: Texture pool is 5661 MB (70% of 8088 MB)
[2020.07.11-17.10.48:355][  0]LogD3D11RHI: RHI has support for 64 bit atomics
[2020.07.11-17.10.48:356][  0]LogD3D11RHI: [Aftermath] Enabled and primed
[2020.07.11-17.10.48:356][  0]LogD3D11RHI: Async texture creation enabled
[2020.07.11-17.10.48:356][  0]LogD3D11RHI: Array index from any shader is supported
[2020.07.11-17.10.48:384][  0]LogD3D11RHI: GPU Timing Frequency: 1000.000000 (Debug: 2 1)
[2020.07.11-17.10.48:696][  0]LogTargetPlatformManager: Display: Loaded TargetPlatform 'AllDesktop'
[2020.07.11-17.10.48:715][  0]LogTargetPlatformManager: Display: Loaded TargetPlatform 'Android'
[2020.07.11-17.10.48:715][  0]LogTargetPlatformManager: Display: Loaded TargetPlatform 'Android_ASTC'
[2020.07.11-17.10.48:715][  0]LogTargetPlatformManager: Display: Loaded TargetPlatform 'Android_DXT'
[2020.07.11-17.10.48:715][  0]LogTargetPlatformManager: Display: Loaded TargetPlatform 'Android_ETC2'
[2020.07.11-17.10.48:715][  0]LogTargetPlatformManager: Display: Loaded TargetPlatform 'AndroidClient'
[2020.07.11-17.10.48:715][  0]LogTargetPlatformManager: Display: Loaded TargetPlatform 'Android_ASTCClient'
[2020.07.11-17.10.48:715][  0]LogTargetPlatformManager: Display: Loaded TargetPlatform 'Android_DXTClient'
[2020.07.11-17.10.48:715][  0]LogTargetPlatformManager: Display: Loaded TargetPlatform 'Android_ETC2Client'
[2020.07.11-17.10.48:715][  0]LogTargetPlatformManager: Display: Loaded TargetPlatform 'Android_Multi'
[2020.07.11-17.10.48:715][  0]LogTargetPlatformManager: Display: Loaded TargetPlatform 'Android_MultiClient'
[2020.07.11-17.10.48:737][  0]LogTargetPlatformManager: Display: Loaded TargetPlatform 'IOSClient'
[2020.07.11-17.10.48:737][  0]LogTargetPlatformManager: Display: Loaded TargetPlatform 'IOS'
[2020.07.11-17.10.48:746][  0]LogTargetPlatformManager: Display: Loaded TargetPlatform 'Linux'
[2020.07.11-17.10.48:754][  0]LogTargetPlatformManager: Display: Loaded TargetPlatform 'LinuxNoEditor'
[2020.07.11-17.10.48:761][  0]LogTargetPlatformManager: Display: Loaded TargetPlatform 'LinuxClient'
[2020.07.11-17.10.48:769][  0]LogTargetPlatformManager: Display: Loaded TargetPlatform 'LinuxServer'
[2020.07.11-17.10.48:776][  0]LogTargetPlatformManager: Display: Loaded TargetPlatform 'LinuxAArch64NoEditor'
[2020.07.11-17.10.48:785][  0]LogTargetPlatformManager: Display: Loaded TargetPlatform 'LinuxAArch64Client'
[2020.07.11-17.10.48:793][  0]LogTargetPlatformManager: Display: Loaded TargetPlatform 'LinuxAArch64Server'
[2020.07.11-17.10.48:815][  0]LogTargetPlatformManager: Display: Loaded TargetPlatform 'Lumin'
[2020.07.11-17.10.48:815][  0]LogTargetPlatformManager: Display: Loaded TargetPlatform 'LuminClient'
[2020.07.11-17.10.48:828][  0]LogTargetPlatformManager: Display: Loaded TargetPlatform 'TVOSClient'
[2020.07.11-17.10.48:828][  0]LogTargetPlatformManager: Display: Loaded TargetPlatform 'TVOS'
[2020.07.11-17.10.48:837][  0]LogTargetPlatformManager: Display: Loaded TargetPlatform 'WindowsNoEditor'
[2020.07.11-17.10.48:844][  0]LogTargetPlatformManager: Display: Loaded TargetPlatform 'Windows'
[2020.07.11-17.10.48:852][  0]LogTargetPlatformManager: Display: Loaded TargetPlatform 'WindowsClient'
[2020.07.11-17.10.48:861][  0]LogTargetPlatformManager: Display: Loaded TargetPlatform 'WindowsServer'
[2020.07.11-17.10.48:861][  0]LogTargetPlatformManager: Display: Building Assets For Windows
[2020.07.11-17.10.48:868][  0]LogAudioDebug: Display: Lib vorbis DLL was dynamically loaded.
[2020.07.11-17.10.48:922][  0]LogShaderCompilers: Guid format shader working directory is 5 characters bigger than the processId version (../../../../../../School/GMTKJam/BondPun/Intermediate/Shaders/WorkingDirectory/13744/).
[2020.07.11-17.10.48:922][  0]LogShaderCompilers: Cleaned the shader compiler working directory 'C:/Users/James/AppData/Local/Temp/UnrealShaderWorkingDir/E86B00504CAF7E36DF2DA4999D7D7B0D/'.
[2020.07.11-17.10.48:922][  0]LogXGEController: Cleaning working directory: C:/Users/James/AppData/Local/Temp/UnrealXGEWorkingDir/
[2020.07.11-17.10.48:923][  0]LogXGEController: Cannot use XGE Controller as Incredibuild is not installed on this machine.
[2020.07.11-17.10.48:923][  0]LogShaderCompilers: Cannot use XGE Shader Compiler as Incredibuild is not installed on this machine.
[2020.07.11-17.10.48:923][  0]LogShaderCompilers: Display: Using Local Shader Compiler.
[2020.07.11-17.10.49:607][  0]LogDerivedDataCache: Display: Max Cache Size: 512 MB
[2020.07.11-17.10.49:655][  0]LogDerivedDataCache: Loaded boot cache 0.05s 79MB C:/Users/James/AppData/Local/UnrealEngine/4.25/DerivedDataCache/Boot.ddc.
[2020.07.11-17.10.49:655][  0]LogDerivedDataCache: Display: Loaded Boot cache: C:/Users/James/AppData/Local/UnrealEngine/4.25/DerivedDataCache/Boot.ddc
[2020.07.11-17.10.49:656][  0]LogDerivedDataCache: FDerivedDataBackendGraph:  Pak pak cache file ../../../../../../School/GMTKJam/BondPun/DerivedDataCache/DDC.ddp not found, will not use a pak cache.
[2020.07.11-17.10.49:656][  0]LogDerivedDataCache: Unable to find inner node Pak for hierarchical cache Hierarchy.
[2020.07.11-17.10.49:656][  0]LogDerivedDataCache: FDerivedDataBackendGraph:  CompressedPak pak cache file ../../../../../../School/GMTKJam/BondPun/DerivedDataCache/Compressed.ddp not found, will not use a pak cache.
[2020.07.11-17.10.49:656][  0]LogDerivedDataCache: Unable to find inner node CompressedPak for hierarchical cache Hierarchy.
[2020.07.11-17.10.49:665][  0]LogDerivedDataCache: Display: Pak cache opened for reading ../../../Engine/DerivedDataCache/Compressed.ddp.
[2020.07.11-17.10.49:665][  0]LogDerivedDataCache: FDerivedDataBackendGraph:  EnterprisePak pak cache file ../../../Enterprise/DerivedDataCache/Compressed.ddp not found, will not use a pak cache.
[2020.07.11-17.10.49:665][  0]LogDerivedDataCache: Unable to find inner node EnterprisePak for hierarchical cache Hierarchy.
[2020.07.11-17.10.49:667][  0]LogDerivedDataCache: Using Local data cache path C:/Users/James/AppData/Local/UnrealEngine/Common/DerivedDataCache: Writable
[2020.07.11-17.10.49:667][  0]LogDerivedDataCache: Shared data cache path not found in *engine.ini, will not use an Shared cache.
[2020.07.11-17.10.49:667][  0]LogDerivedDataCache: Unable to find inner node Shared for hierarchical cache Hierarchy.
[2020.07.11-17.10.49:715][  0]LogSlate: Using FreeType 2.10.0
[2020.07.11-17.10.49:716][  0]LogSlate: SlateFontServices - WITH_FREETYPE: 1, WITH_HARFBUZZ: 1
[2020.07.11-17.10.49:739][  0]LogAssetRegistry: FAssetRegistry took 0.0027 seconds to start up
[2020.07.11-17.10.49:961][  0]LogInit: Selected Device Profile: [Windows]
[2020.07.11-17.10.50:069][  0]LogMeshReduction: Using QuadricMeshReduction for automatic static mesh reduction
[2020.07.11-17.10.50:069][  0]LogMeshReduction: Using SimplygonMeshReduction for automatic skeletal mesh reduction
[2020.07.11-17.10.50:069][  0]LogMeshReduction: Using ProxyLODMeshReduction for automatic mesh merging
[2020.07.11-17.10.50:069][  0]LogMeshReduction: No distributed automatic mesh merging module available
[2020.07.11-17.10.50:069][  0]LogMeshMerging: No distributed automatic mesh merging module available
[2020.07.11-17.10.50:085][  0]LogNetVersion: BondPun 1.0.0, NetCL: 13144385, EngineNetVer: 14, GameNetVer: 0 (Checksum: 2471566475)
[2020.07.11-17.10.50:473][  0]LogAISub: UAISubsystem::UAISubsystem AISubsystem (000001FFB704C300), frame # 0
[2020.07.11-17.10.50:473][  0]LogAISub: UAISubsystem::UAISubsystem AIPerceptionSystem (000001FFB6F8D1C0), frame # 0
[2020.07.11-17.10.50:474][  0]LogAISub: UAISubsystem::UAISubsystem EnvQueryManager (000001FFB6FE5E00), frame # 0
[2020.07.11-17.10.50:527][  0]LogPackageLocalizationCache: Processed 19 localized package path(s) for 1 prioritized culture(s) in 0.047265 seconds
[2020.07.11-17.10.50:532][  0]LogUObjectArray: 15917 objects as part of root set at end of initial load.
[2020.07.11-17.10.50:532][  0]LogUObjectAllocator: 3965568 out of 0 bytes used by permanent object pool.
[2020.07.11-17.10.50:533][  0]LogUObjectArray: CloseDisregardForGC: 0/0 objects in disregard for GC pool
[2020.07.11-17.10.50:842][  0]LogTcpMessaging: Initializing TcpMessaging bridge
[2020.07.11-17.10.50:846][  0]LogUdpMessaging: Initializing bridge on interface 0.0.0.0:0 to multicast group 230.0.0.1:6666.
[2020.07.11-17.10.50:920][  0]SourceControl: Source control is disabled
[2020.07.11-17.10.50:920][  0]SourceControl: Source control is disabled
[2020.07.11-17.10.50:924][  0]SourceControl: Source control is disabled
[2020.07.11-17.10.50:927][  0]SourceControl: Source control is disabled
[2020.07.11-17.10.50:933][  0]SourceControl: Source control is disabled
[2020.07.11-17.10.51:136][  0]LogAndroidPermission: UAndroidPermissionCallbackProxy::GetInstance
[2020.07.11-17.10.51:158][  0]LogAudioCaptureCore: Display: No Audio Capture implementations found. Audio input will be silent.
[2020.07.11-17.10.51:158][  0]LogAudioCaptureCore: Display: No Audio Capture implementations found. Audio input will be silent.
[2020.07.11-17.10.51:203][  0]LogOcInput: OculusInput pre-init called
[2020.07.11-17.10.51:422][  0]LogEngine: Initializing Engine...
[2020.07.11-17.10.51:423][  0]LogHMD: Oculus plugin initialized. Version: 4.25.1-13594126+++UE4+Release-4.25, OVRPlugin: 1.44.0
[2020.07.11-17.10.51:424][  0]LogStats: UGameplayTagsManager::InitializeManager -  0.000 s
[2020.07.11-17.10.51:530][  0]LogInit: Initializing FReadOnlyCVARCache
[2020.07.11-17.10.51:537][  0]LogAIModule: Creating AISystem for world Untitled
[2020.07.11-17.10.51:537][  0]LogAISub: UAISubsystem::UAISubsystem EnvQueryManager (000001FFBA3B7C00), frame # 0
[2020.07.11-17.10.51:537][  0]LogAISub: UAISubsystem::UAISubsystem AIPerceptionSystem (000001FFBA424680), frame # 0
[2020.07.11-17.10.51:555][  0]LogAudioMixer: Display: Audio Mixer Platform Settings:
[2020.07.11-17.10.51:555][  0]LogAudioMixer: Display: 	Sample Rate:						  48000
[2020.07.11-17.10.51:555][  0]LogAudioMixer: Display: 	Callback Buffer Frame Size Requested: 1024
[2020.07.11-17.10.51:555][  0]LogAudioMixer: Display: 	Callback Buffer Frame Size To Use:	  1024
[2020.07.11-17.10.51:555][  0]LogAudioMixer: Display: 	Number of buffers to queue:			  2
[2020.07.11-17.10.51:555][  0]LogAudioMixer: Display: 	Max Channels (voices):				  32
[2020.07.11-17.10.51:555][  0]LogAudioMixer: Display: 	Number of Async Source Workers:		  0
[2020.07.11-17.10.51:555][  0]LogAudio: Display: AudioDevice MaxSources: 32
[2020.07.11-17.10.51:555][  0]LogAudio: Display: Using built-in audio occlusion.
[2020.07.11-17.10.51:555][  0]LogAudioMixer: Display: Initializing audio mixer.
[2020.07.11-17.10.51:572][  0]LogAudioMixer: Display: 0: FrontLeft
[2020.07.11-17.10.51:572][  0]LogAudioMixer: Display: 1: FrontRight
[2020.07.11-17.10.51:604][  0]LogAudioMixer: Display: Using Audio Device Headphones (Arctis 7 Game)
[2020.07.11-17.10.51:605][  0]LogAudioMixer: Display: Initializing Sound Submixes...
[2020.07.11-17.10.51:606][  0]LogAudioMixer: Display: Creating Master Submix 'MasterSubmixDefault'
[2020.07.11-17.10.51:606][  0]LogAudioMixer: Display: Creating Master Submix 'MasterReverbSubmixDefault'
[2020.07.11-17.10.51:609][  0]LogAudioMixer: Display: Creating Master Submix 'MasterEQSubmixDefault'
[2020.07.11-17.10.51:610][  0]LogInit: FAudioDevice initialized.
[2020.07.11-17.10.51:610][  0]LogNetVersion: Set ProjectVersion to 1.0.0.0. Version Checksum will be recalculated on next use.
[2020.07.11-17.10.51:748][  0]LogDerivedDataCache: Saved boot cache 0.14s 79MB C:/Users/James/AppData/Local/UnrealEngine/4.25/DerivedDataCache/Boot.ddc.
[2020.07.11-17.10.51:752][  0]LogInit: Texture streaming: Enabled
[2020.07.11-17.10.51:766][  0]LogEngineSessionManager: EngineSessionManager initialized
[2020.07.11-17.10.51:766][  0]LogEditorSessionSummary: Verbose: Initializing EditorSessionSummaryWriter for editor session tracking
[2020.07.11-17.10.51:767][  0]LogEditorSessionSummary: EditorSessionSummaryWriter initialized
[2020.07.11-17.10.51:816][  0]LogInit: Transaction tracking system initialized
[2020.07.11-17.10.51:836][  0]BlueprintLog: New page: Editor Load
[2020.07.11-17.10.51:897][  0]LocalizationService: Localization service is disabled
[2020.07.11-17.10.52:038][  0]LogCook: Display: Max memory allowance for cook 16384mb min free memory 0mb
[2020.07.11-17.10.52:039][  0]LogCook: Display: Mobile HDR setting 1
[2020.07.11-17.10.52:165][  0]LogFileCache: Scanning file cache for directory 'J:/School/GMTKJam/BondPun/Content/' took 0.00s
[2020.07.11-17.10.52:336][  0]SourceControl: Source control is disabled
[2020.07.11-17.10.52:336][  0]LogUnrealEdMisc: Loading editor; pre map load, took 6.696
[2020.07.11-17.10.52:336][  0]Cmd: MAP LOAD FILE="../../../Engine/Content/Maps/Templates/Template_Default.umap" TEMPLATE=1 SHOWPROGRESS=1 FEATURELEVEL=3
[2020.07.11-17.10.52:336][  0]LightingResults: New page: Lighting Build
[2020.07.11-17.10.52:337][  0]LogWorld: UWorld::CleanupWorld for Untitled, bSessionEnded=true, bCleanupResources=true
[2020.07.11-17.10.52:337][  0]LogSlate: InvalidateAllWidgets triggered.  All widgets were invalidated
[2020.07.11-17.10.52:337][  0]MapCheck: New page: Map Check
[2020.07.11-17.10.52:337][  0]LightingResults: New page: Lighting Build
[2020.07.11-17.10.52:345][  0]LogAISub: UAISubsystem::~UAISubsystem EnvQueryManager (000001FFBA3B7C00), frame # 0
[2020.07.11-17.10.52:345][  0]LogAISub: UAISubsystem::~UAISubsystem AIPerceptionSystem (000001FFBA424680), frame # 0
[2020.07.11-17.10.52:346][  0]LogUObjectHash: Compacting FUObjectHashTables data took   0.59ms
[2020.07.11-17.10.52:405][  0]LogAIModule: Creating AISystem for world Untitled_1
[2020.07.11-17.10.52:405][  0]LogAISub: UAISubsystem::UAISubsystem EnvQueryManager (000001FFAD112200), frame # 0
[2020.07.11-17.10.52:405][  0]LogAISub: UAISubsystem::UAISubsystem AIPerceptionSystem (000001FFAC585D00), frame # 0
[2020.07.11-17.10.52:409][  0]LogEditorServer: Finished looking for orphan Actors (0.000 secs)
[2020.07.11-17.10.52:418][  0]LogUObjectHash: Compacting FUObjectHashTables data took   0.73ms
[2020.07.11-17.10.52:418][  0]Cmd: MAP CHECKDEP NOCLEARLOG
[2020.07.11-17.10.52:418][  0]MapCheck: Map check complete: 0 Error(s), 0 Warning(s), took 0.115ms to complete.
[2020.07.11-17.10.52:418][  0]LogFileHelpers: Loading map 'Template_Default' took 0.082
[2020.07.11-17.10.52:420][  0]LogUnrealEdMisc: Total Editor Startup Time, took 6.780
[2020.07.11-17.10.52:538][  0]LogSlate: Updating window title bar state: overlay mode, drag disabled, window buttons hidden, title bar hidden
[2020.07.11-17.10.52:546][  0]LogSlate: Updating window title bar state: overlay mode, drag disabled, window buttons hidden, title bar hidden
[2020.07.11-17.10.52:552][  0]LogSlate: Updating window title bar state: overlay mode, drag disabled, window buttons hidden, title bar hidden
[2020.07.11-17.10.52:561][  0]LogSlate: Updating window title bar state: overlay mode, drag disabled, window buttons hidden, title bar hidden
[2020.07.11-17.10.52:566][  0]LogCollectionManager: Loaded 0 collections in 0.000800 seconds
[2020.07.11-17.10.52:578][  0]LogFileCache: Scanning file cache for directory 'J:/School/GMTKJam/BondPun/Saved/Collections/' took 0.00s
[2020.07.11-17.10.52:578][  0]LogFileCache: Scanning file cache for directory 'J:/School/GMTKJam/BondPun/Content/Developers/James/Collections/' took 0.00s
[2020.07.11-17.10.52:578][  0]LogFileCache: Scanning file cache for directory 'J:/School/GMTKJam/BondPun/Content/Collections/' took 0.00s
[2020.07.11-17.10.52:578][  0]LogContentBrowser: Native class hierarchy populated in 0.0089 seconds. Added 3427 classes and 821 folders.
[2020.07.11-17.10.52:580][  0]LogContentBrowser: Native class hierarchy updated for 'WidgetCarousel' in 0.0002 seconds. Added 0 classes and 0 folders.
[2020.07.11-17.10.52:618][  0]LogContentBrowser: Native class hierarchy updated for 'AddContentDialog' in 0.0002 seconds. Added 0 classes and 0 folders.
[2020.07.11-17.10.52:622][  0]LogContentBrowser: Native class hierarchy updated for 'SceneOutliner' in 0.0003 seconds. Added 2 classes and 0 folders.
[2020.07.11-17.10.52:648][  0]LogSlate: Took 0.000148 seconds to synchronously load lazily loaded font '../../../Engine/Content/Slate/Fonts/Roboto-Regular.ttf' (155K)
[2020.07.11-17.10.52:650][  0]LogSlate: Took 0.000120 seconds to synchronously load lazily loaded font '../../../Engine/Content/Slate/Fonts/Roboto-Bold.ttf' (160K)
[2020.07.11-17.10.52:654][  0]LogSlate: Took 0.000142 seconds to synchronously load lazily loaded font '../../../Engine/Content/Editor/Slate/Fonts/FontAwesome.ttf' (139K)
[2020.07.11-17.10.52:725][  0]LogRenderer: Reallocating scene render targets to support 1208x580 Format 10 NumSamples 1 (Frame:1).
[2020.07.11-17.10.52:808][  0]LogContentBrowser: Native class hierarchy updated for 'HierarchicalLODOutliner' in 0.0003 seconds. Added 0 classes and 0 folders.
[2020.07.11-17.10.52:808][  0]LogLoad: (Engine Initialization) Total time: 7.17 seconds
[2020.07.11-17.10.52:808][  0]LogLoad: (Engine Initialization) Total Blueprint compile time: 0.00 seconds
[2020.07.11-17.10.52:818][  0]LogOcInput: OculusInput is initialized
[2020.07.11-17.10.52:844][  0]LogAssetRegistry: Asset discovery search completed in 3.1060 seconds
[2020.07.11-17.10.52:848][  0]LogCollectionManager: Fixed up redirectors for 0 collections in 0.000002 seconds (updated 0 objects)
[2020.07.11-17.10.52:849][  0]LogContentStreaming: Texture pool size now 1000 MB
[2020.07.11-17.10.52:870][  0]LogSlate: Took 0.000110 seconds to synchronously load lazily loaded font '../../../Engine/Content/Slate/Fonts/Roboto-Light.ttf' (167K)
[2020.07.11-17.10.53:839][113]LogSlate: Took 0.000158 seconds to synchronously load lazily loaded font '../../../Engine/Content/Slate/Fonts/Roboto-Light.ttf' (167K)
[2020.07.11-17.10.58:581][624]LogAssetEditorSubsystem: Opening Asset editor for World /Game/TestLevel.TestLevel
[2020.07.11-17.10.58:591][624]LogUObjectHash: Compacting FUObjectHashTables data took   1.29ms
[2020.07.11-17.10.58:592][624]Cmd: MAP LOAD FILE="../../../../../../School/GMTKJam/BondPun/Content/TestLevel.umap" TEMPLATE=0 SHOWPROGRESS=1 FEATURELEVEL=3
[2020.07.11-17.10.58:592][624]LightingResults: New page: Lighting Build
[2020.07.11-17.10.58:592][624]LoadErrors: New page: Loading map: TestLevel.umap
[2020.07.11-17.10.58:625][624]LogWorld: UWorld::CleanupWorld for Untitled_1, bSessionEnded=true, bCleanupResources=true
[2020.07.11-17.10.58:625][624]LogSlate: InvalidateAllWidgets triggered.  All widgets were invalidated
[2020.07.11-17.10.58:625][624]MapCheck: New page: Map Check
[2020.07.11-17.10.58:625][624]LightingResults: New page: Lighting Build
[2020.07.11-17.10.58:634][624]LogAISub: UAISubsystem::~UAISubsystem EnvQueryManager (000001FFAD112200), frame # 624
[2020.07.11-17.10.58:634][624]LogAISub: UAISubsystem::~UAISubsystem AIPerceptionSystem (000001FFAC585D00), frame # 624
[2020.07.11-17.10.58:635][624]LogUObjectHash: Compacting FUObjectHashTables data took   0.56ms
[2020.07.11-17.10.58:640][624]LogEditorServer: Finished looking for orphan Actors (0.000 secs)
[2020.07.11-17.10.58:640][624]LogAIModule: Creating AISystem for world TestLevel
[2020.07.11-17.10.58:641][624]LogAISub: UAISubsystem::UAISubsystem EnvQueryManager (000001FFAD110E00), frame # 624
[2020.07.11-17.10.58:641][624]LogAISub: UAISubsystem::UAISubsystem AIPerceptionSystem (000001FFCED9B9C0), frame # 624
[2020.07.11-17.10.58:650][624]LogUObjectHash: Compacting FUObjectHashTables data took   0.70ms
[2020.07.11-17.10.58:682][624]Cmd: MAP CHECKDEP NOCLEARLOG
[2020.07.11-17.10.58:683][624]MapCheck: Map check complete: 0 Error(s), 0 Warning(s), took 1.83ms to complete.
[2020.07.11-17.10.58:684][624]LogFileHelpers: Loading map 'TestLevel' took 0.091
[2020.07.11-17.11.04:576][320]LogAssetEditorSubsystem: Opening Asset editor for Blueprint /Game/Blueprints/Passenger_BP.Passenger_BP
[2020.07.11-17.11.04:744][320]LogContentBrowser: Native class hierarchy updated for 'BlueprintGraph' in 0.0004 seconds. Added 125 classes and 0 folders.
[2020.07.11-17.11.05:583][320]LogAssetEditorSubsystem: Opening Asset editor for Blueprint /Game/Blueprints/CarPawn_BP.CarPawn_BP
[2020.07.11-17.11.05:915][320]LogAssetEditorSubsystem: Opening Asset editor for Blueprint /Game/Blueprints/Wall.Wall
[2020.07.11-17.11.06:252][320]LogAssetEditorSubsystem: Opening Asset editor for Blueprint /Game/Blueprints/SuspensionComponent_BP.SuspensionComponent_BP
[2020.07.11-17.11.06:577][320]LogAssetEditorSubsystem: Opening Asset editor for Blueprint /Game/Blueprints/Destination_BP.Destination_BP
[2020.07.11-17.11.06:903][320]LogAssetEditorSubsystem: Opening Asset editor for Blueprint /Game/Blueprints/EjectorDestination_BP.EjectorDestination_BP
[2020.07.11-17.11.07:236][320]LogAssetEditorSubsystem: Opening Asset editor for PhysicalMaterial /Game/Blueprints/M_PhysicalMat.M_PhysicalMat
[2020.07.11-17.11.07:301][320]LogSlate: Took 0.000133 seconds to synchronously load lazily loaded font '../../../Engine/Content/Slate/Fonts/Roboto-BoldCondensed.ttf' (158K)
[2020.07.11-17.11.12:996][968]LogSlate: Took 0.000146 seconds to synchronously load lazily loaded font '../../../Engine/Content/Slate/Fonts/Roboto-Italic.ttf' (157K)
[2020.07.11-17.11.16:401][292]LogSlate: Window 'Passenger_BP' being destroyed
[2020.07.11-17.11.17:828][449]LogRenderer: Reallocating scene render targets to support 1208x716 Format 10 NumSamples 1 (Frame:1).
[2020.07.11-17.11.43:248][286]LogAssetEditorSubsystem: Opening Asset editor for Material /Game/Blueprints/M_Physics.M_Physics
[2020.07.11-17.11.43:249][286]LogMaterial: Display: Missing cached shader map for material M_Physics, compiling. 
[2020.07.11-17.11.43:494][286]LogMaterial: Display: Missing cached shader map for material M_Physics, compiling. 
[2020.07.11-17.11.43:501][286]LogMaterial: Display: Missing cached shader map for material M_Physics, compiling. 
[2020.07.11-17.11.43:508][286]LogShaderCompilers: Display: Worker (1/5): shaders left to compile 9
[2020.07.11-17.11.43:508][286]LogShaderCompilers: Display: Worker (2/5): shaders left to compile 8
[2020.07.11-17.11.43:508][286]LogShaderCompilers: Display: Worker (3/5): shaders left to compile 7
[2020.07.11-17.11.43:508][286]LogShaderCompilers: Display: Worker (4/5): shaders left to compile 6
[2020.07.11-17.11.44:110][341]LogShaderCompilers: Display: Worker (3/5): shaders left to compile 5
[2020.07.11-17.11.44:288][361]LogShaderCompilers: Display: Worker (2/5): shaders left to compile 4
[2020.07.11-17.11.44:386][372]LogShaderCompilers: Display: Worker (4/5): shaders left to compile 3
[2020.07.11-17.11.44:421][376]LogShaderCompilers: Display: Worker (1/5): shaders left to compile 2
[2020.07.11-17.11.44:721][410]LogShaderCompilers: Display: Worker (2/5): shaders left to compile 1
[2020.07.11-17.11.45:850][544]LogMaterial: Display: Missing cached shader map for material M_Physics, compiling. 
[2020.07.11-17.11.45:857][544]LogMaterial: Display: Missing cached shader map for material M_Physics, compiling. 
[2020.07.11-17.11.45:887][545]LogShaderCompilers: Display: Worker (1/5): shaders left to compile 9
[2020.07.11-17.11.45:887][545]LogShaderCompilers: Display: Worker (2/5): shaders left to compile 8
[2020.07.11-17.11.45:887][545]LogShaderCompilers: Display: Worker (3/5): shaders left to compile 7
[2020.07.11-17.11.45:887][545]LogShaderCompilers: Display: Worker (4/5): shaders left to compile 6
[2020.07.11-17.11.46:288][593]LogShaderCompilers: Display: Worker (3/5): shaders left to compile 5
[2020.07.11-17.11.46:454][613]LogShaderCompilers: Display: Worker (2/5): shaders left to compile 4
[2020.07.11-17.11.46:572][627]LogShaderCompilers: Display: Worker (1/5): shaders left to compile 3
[2020.07.11-17.11.46:612][632]LogShaderCompilers: Display: Worker (4/5): shaders left to compile 2
[2020.07.11-17.11.46:861][659]LogShaderCompilers: Display: Worker (2/5): shaders left to compile 1
[2020.07.11-17.11.49:347][957]MaterialEditorStats: Base pass shader: 117 instructions
[2020.07.11-17.11.49:347][957]MaterialEditorStats: Base pass shader with Volumetric Lightmap: 191 instructions
[2020.07.11-17.11.49:348][957]MaterialEditorStats: Base pass vertex shader: 40 instructions
[2020.07.11-17.11.49:348][957]MaterialEditorStats: Texture samplers: 2/16
[2020.07.11-17.11.49:352][957]LogSlate: Took 0.000139 seconds to synchronously load lazily loaded font '../../../Engine/Content/Slate/Fonts/DroidSansMono.ttf' (77K)
[2020.07.11-17.11.51:565][220]LogMaterialEditor: Saving and Compiling material M_Physics
[2020.07.11-17.11.52:036][220]LogMaterial: Display: Missing cached shader map for material M_Physics, compiling. 
[2020.07.11-17.11.52:077][220]LogShaderCompilers: Display: Worker (1/5): shaders left to compile 9
[2020.07.11-17.11.52:077][220]LogShaderCompilers: Display: Worker (2/5): shaders left to compile 8
[2020.07.11-17.11.52:077][220]LogShaderCompilers: Display: Worker (3/5): shaders left to compile 7
[2020.07.11-17.11.52:077][220]LogShaderCompilers: Display: Worker (4/5): shaders left to compile 6
[2020.07.11-17.11.52:086][220]LogMaterial: Display: Missing cached shader map for material M_Physics, compiling. 
[2020.07.11-17.11.52:141][220]LogUObjectHash: Compacting FUObjectHashTables data took   1.77ms
[2020.07.11-17.11.52:147][220]LogMaterial: Display: Missing cached shader map for material DebugViewMode MaterialTexCoordScale, compiling. 
[2020.07.11-17.11.52:683][220]LogShaderCompilers: Display: Worker (3/5): shaders left to compile 22
[2020.07.11-17.11.52:683][220]LogShaderCompilers: Display: Worker (2/5): shaders left to compile 21
[2020.07.11-17.11.52:683][220]LogShaderCompilers: Display: Worker (4/5): shaders left to compile 20
[2020.07.11-17.11.52:683][220]LogShaderCompilers: Display: Worker (1/5): shaders left to compile 19
[2020.07.11-17.11.53:214][220]LogShaderCompilers: Display: Worker (2/5): shaders left to compile 18
[2020.07.11-17.11.53:214][220]LogShaderCompilers: Display: Worker (3/5): shaders left to compile 17
[2020.07.11-17.11.53:214][220]LogShaderCompilers: Display: Worker (3/5): shaders left to compile 16
[2020.07.11-17.11.53:214][220]LogShaderCompilers: Display: Worker (1/5): shaders left to compile 15
[2020.07.11-17.11.53:214][220]LogShaderCompilers: Display: Worker (4/5): shaders left to compile 11
[2020.07.11-17.11.53:214][220]LogShaderCompilers: Display: Worker (2/5): shaders left to compile 7
[2020.07.11-17.11.53:298][220]LogShaderCompilers: Display: Worker (3/5): shaders left to compile 5
[2020.07.11-17.11.53:304][220]TextureStreamingBuild: Display: Compiling optional shaders took 1.162 seconds.
[2020.07.11-17.11.53:339][220]LogUObjectHash: Compacting FUObjectHashTables data took   0.44ms
[2020.07.11-17.11.54:437][220]LogShaderCompilers: Display: Worker (3/5): shaders left to compile 3
[2020.07.11-17.11.54:437][220]LogShaderCompilers: Display: Worker (2/5): shaders left to compile 2
[2020.07.11-17.11.54:437][220]LogShaderCompilers: Display: Worker (3/5): shaders left to compile 1
[2020.07.11-17.11.54:771][220]Cmd: OBJ SAVEPACKAGE PACKAGE="/Game/Blueprints/M_Physics" FILE="../../../../../../School/GMTKJam/BondPun/Content/Blueprints/M_Physics.uasset" SILENT=true
[2020.07.11-17.11.54:783][220]LogSavePackage: Moving '../../../../../../School/GMTKJam/BondPun/Saved/M_Physics02C1083C4FF9798B0617E7A907D30A34.tmp' to '../../../../../../School/GMTKJam/BondPun/Content/Blueprints/M_Physics.uasset'
[2020.07.11-17.11.54:802][220]AssetCheck: New page: Asset Save: M_Physics
[2020.07.11-17.11.54:802][220]LogContentValidation: Display: Validating Material /Game/Blueprints/M_Physics.M_Physics
[2020.07.11-17.11.54:804][220]MaterialEditorStats: Base pass shader: 117 instructions
[2020.07.11-17.11.54:804][220]MaterialEditorStats: Base pass shader with Volumetric Lightmap: 191 instructions
[2020.07.11-17.11.54:804][220]MaterialEditorStats: Base pass vertex shader: 40 instructions
[2020.07.11-17.11.54:804][220]MaterialEditorStats: Texture samplers: 3/16
[2020.07.11-17.12.22:995][491]LogEditorTransaction: Undo Modify Component(s)
[2020.07.11-17.12.23:002][491]LogMaterial: Display: Missing cached shader map for material M_Physics, compiling. 
[2020.07.11-17.12.23:011][491]LogShaderCompilers: Display: Worker (1/5): shaders left to compile 9
[2020.07.11-17.12.23:011][491]LogShaderCompilers: Display: Worker (2/5): shaders left to compile 8
[2020.07.11-17.12.23:011][491]LogShaderCompilers: Display: Worker (3/5): shaders left to compile 7
[2020.07.11-17.12.23:011][491]LogShaderCompilers: Display: Worker (4/5): shaders left to compile 6
[2020.07.11-17.12.23:551][523]LogShaderCompilers: Display: Worker (3/5): shaders left to compile 5
[2020.07.11-17.12.23:718][543]LogShaderCompilers: Display: Worker (2/5): shaders left to compile 4
[2020.07.11-17.12.23:825][549]LogShaderCompilers: Display: Worker (4/5): shaders left to compile 3
[2020.07.11-17.12.23:850][552]LogShaderCompilers: Display: Worker (1/5): shaders left to compile 2
[2020.07.11-17.12.24:133][582]LogShaderCompilers: Display: Worker (2/5): shaders left to compile 1
[2020.07.11-17.12.24:528][626]MaterialEditorStats: Base pass shader: 117 instructions
[2020.07.11-17.12.24:528][626]MaterialEditorStats: Base pass shader with Volumetric Lightmap: 191 instructions
[2020.07.11-17.12.24:528][626]MaterialEditorStats: Base pass vertex shader: 40 instructions
[2020.07.11-17.12.24:528][626]MaterialEditorStats: Texture samplers: 2/16
[2020.07.11-17.13.03:968][176]BlueprintLog: New page: Compile CarPawn_BP
[2020.07.11-17.13.04:178][176]LogUObjectHash: Compacting FUObjectHashTables data took   2.15ms
[2020.07.11-17.13.05:141][276]LogTemp: Repeating last play command: Selected Viewport
[2020.07.11-17.13.05:157][276]LogPlayLevel: PlayLevel: No blueprints needed recompiling
[2020.07.11-17.13.05:157][276]LogHMD: Initializing OVRPlugin session
[2020.07.11-17.13.05:286][276]LogHMD: Allocating Oculus 3296 x 1776 rendertarget swapchain
[2020.07.11-17.13.05:287][276]PIE: New page: PIE session: TestLevel (Jul 11, 2020, 9:13:05 AM)
[2020.07.11-17.13.05:288][276]LogOnline: OSS: Creating online subsystem instance for: NULL
[2020.07.11-17.13.05:289][276]LogOnline: OSS: TryLoadSubsystemAndSetDefault: Loaded subsystem for module [NULL]
[2020.07.11-17.13.05:289][276]LogPlayLevel: Creating play world package: /Game/UEDPIE_0_TestLevel
[2020.07.11-17.13.05:294][276]LogPlayLevel: PIE: StaticDuplicateObject took: (0.004300s)
[2020.07.11-17.13.05:295][276]LogAIModule: Creating AISystem for world TestLevel
[2020.07.11-17.13.05:295][276]LogAISub: UAISubsystem::UAISubsystem EnvQueryManager (000001FFAC784800), frame # 14276
[2020.07.11-17.13.05:295][276]LogAISub: UAISubsystem::UAISubsystem AIPerceptionSystem (00000200380025C0), frame # 14276
[2020.07.11-17.13.05:295][276]LogPlayLevel: PIE: World Init took: (0.001465s)
[2020.07.11-17.13.05:295][276]LogPlayLevel: PIE: Created PIE world by copying editor world from /Game/TestLevel.TestLevel to /Game/UEDPIE_0_TestLevel.TestLevel (0.005938s)
[2020.07.11-17.13.05:328][276]LogUObjectHash: Compacting FUObjectHashTables data took   2.01ms
[2020.07.11-17.13.05:329][276]LogAudioMixer: Display: Audio Mixer Platform Settings:
[2020.07.11-17.13.05:329][276]LogAudioMixer: Display: 	Sample Rate:						  48000
[2020.07.11-17.13.05:329][276]LogAudioMixer: Display: 	Callback Buffer Frame Size Requested: 1024
[2020.07.11-17.13.05:329][276]LogAudioMixer: Display: 	Callback Buffer Frame Size To Use:	  1024
[2020.07.11-17.13.05:329][276]LogAudioMixer: Display: 	Number of buffers to queue:			  2
[2020.07.11-17.13.05:329][276]LogAudioMixer: Display: 	Max Channels (voices):				  32
[2020.07.11-17.13.05:329][276]LogAudioMixer: Display: 	Number of Async Source Workers:		  0
[2020.07.11-17.13.05:329][276]LogAudio: Display: AudioDevice MaxSources: 32
[2020.07.11-17.13.05:329][276]LogAudio: Display: Using built-in audio occlusion.
[2020.07.11-17.13.05:329][276]LogAudioMixer: Display: Initializing audio mixer.
[2020.07.11-17.13.05:333][276]LogAudioMixer: Display: 0: FrontLeft
[2020.07.11-17.13.05:333][276]LogAudioMixer: Display: 1: FrontRight
[2020.07.11-17.13.05:348][276]LogAudioMixer: Display: Using Audio Device Headphones (Arctis 7 Game)
[2020.07.11-17.13.05:348][276]LogAudioMixer: Display: Initializing Sound Submixes...
[2020.07.11-17.13.05:348][276]LogAudioMixer: Display: Creating Master Submix 'MasterSubmixDefault'
[2020.07.11-17.13.05:348][276]LogAudioMixer: Display: Creating Master Submix 'MasterReverbSubmixDefault'
[2020.07.11-17.13.05:348][276]LogAudioMixer: Display: Creating Master Submix 'MasterEQSubmixDefault'
[2020.07.11-17.13.05:359][276]LogInit: FAudioDevice initialized.
[2020.07.11-17.13.05:369][276]LogLoad: Game class is 'GameModeBase'
[2020.07.11-17.13.05:370][276]LogWorld: Bringing World /Game/UEDPIE_0_TestLevel.TestLevel up for play (max tick rate 0) at 2020.07.11-13.13.05
[2020.07.11-17.13.05:371][276]LogWorld: Bringing up level for play took: 0.000634
[2020.07.11-17.13.05:371][276]LogOnline: OSS: Creating online subsystem instance for: :Context_15
[2020.07.11-17.13.05:373][276]LogContentBrowser: Native class hierarchy updated for 'MovieSceneCapture' in 0.0003 seconds. Added 20 classes and 0 folders.
[2020.07.11-17.13.05:373][276]PIE: Server logged in
[2020.07.11-17.13.05:375][276]PIE: Play in editor total start time 0.218 seconds.
[2020.07.11-17.13.06:576][381]LogSlate: Updating window title bar state: overlay mode, drag disabled, window buttons hidden, title bar hidden
[2020.07.11-17.13.06:576][381]LogWorld: BeginTearingDown for /Game/UEDPIE_0_TestLevel
[2020.07.11-17.13.06:576][381]LogWorld: UWorld::CleanupWorld for TestLevel, bSessionEnded=true, bCleanupResources=true
[2020.07.11-17.13.06:576][381]LogSlate: InvalidateAllWidgets triggered.  All widgets were invalidated
[2020.07.11-17.13.06:583][381]LogPlayLevel: Display: Shutting down PIE online subsystems
[2020.07.11-17.13.06:587][381]LogSlate: InvalidateAllWidgets triggered.  All widgets were invalidated
[2020.07.11-17.13.06:621][381]LogSlate: Updating window title bar state: overlay mode, drag disabled, window buttons hidden, title bar hidden
[2020.07.11-17.13.06:653][381]LogAISub: UAISubsystem::~UAISubsystem AIPerceptionSystem (00000200380025C0), frame # 14381
[2020.07.11-17.13.06:653][381]LogAISub: UAISubsystem::~UAISubsystem EnvQueryManager (000001FFAC784800), frame # 14381
[2020.07.11-17.13.06:657][381]LogUObjectHash: Compacting FUObjectHashTables data took   3.36ms
[2020.07.11-17.13.06:686][382]LogPlayLevel: Display: Destroying online subsystem :Context_15
[2020.07.11-17.13.09:556][691]BlueprintLog: New page: Compile CarPawn_BP
[2020.07.11-17.13.09:645][691]LogUObjectHash: Compacting FUObjectHashTables data took   2.52ms
[2020.07.11-17.13.10:694][802]LogTemp: Repeating last play command: Selected Viewport
[2020.07.11-17.13.10:711][802]LogPlayLevel: PlayLevel: No blueprints needed recompiling
[2020.07.11-17.13.10:711][802]LogHMD: Initializing OVRPlugin session
[2020.07.11-17.13.10:819][802]LogHMD: Allocating Oculus 3296 x 1776 rendertarget swapchain
[2020.07.11-17.13.10:820][802]PIE: New page: PIE session: TestLevel (Jul 11, 2020, 9:13:10 AM)
[2020.07.11-17.13.10:820][802]LogPlayLevel: Creating play world package: /Game/UEDPIE_0_TestLevel
[2020.07.11-17.13.10:822][802]LogPlayLevel: PIE: StaticDuplicateObject took: (0.002687s)
[2020.07.11-17.13.10:823][802]LogAIModule: Creating AISystem for world TestLevel
[2020.07.11-17.13.10:823][802]LogAISub: UAISubsystem::UAISubsystem EnvQueryManager (00000200200A9C00), frame # 14802
[2020.07.11-17.13.10:823][802]LogAISub: UAISubsystem::UAISubsystem AIPerceptionSystem (000002001F504180), frame # 14802
[2020.07.11-17.13.10:824][802]LogPlayLevel: PIE: World Init took: (0.000992s)
[2020.07.11-17.13.10:824][802]LogPlayLevel: PIE: Created PIE world by copying editor world from /Game/TestLevel.TestLevel to /Game/UEDPIE_0_TestLevel.TestLevel (0.003789s)
[2020.07.11-17.13.10:857][802]LogUObjectHash: Compacting FUObjectHashTables data took   2.74ms
[2020.07.11-17.13.10:858][802]LogAudioMixer: Display: Audio Mixer Platform Settings:
[2020.07.11-17.13.10:858][802]LogAudioMixer: Display: 	Sample Rate:						  48000
[2020.07.11-17.13.10:858][802]LogAudioMixer: Display: 	Callback Buffer Frame Size Requested: 1024
[2020.07.11-17.13.10:858][802]LogAudioMixer: Display: 	Callback Buffer Frame Size To Use:	  1024
[2020.07.11-17.13.10:858][802]LogAudioMixer: Display: 	Number of buffers to queue:			  2
[2020.07.11-17.13.10:858][802]LogAudioMixer: Display: 	Max Channels (voices):				  32
[2020.07.11-17.13.10:858][802]LogAudioMixer: Display: 	Number of Async Source Workers:		  0
[2020.07.11-17.13.10:858][802]LogAudio: Display: AudioDevice MaxSources: 32
[2020.07.11-17.13.10:859][802]LogAudio: Display: Using built-in audio occlusion.
[2020.07.11-17.13.10:859][802]LogAudioMixer: Display: Initializing audio mixer.
[2020.07.11-17.13.10:863][802]LogAudioMixer: Display: 0: FrontLeft
[2020.07.11-17.13.10:863][802]LogAudioMixer: Display: 1: FrontRight
[2020.07.11-17.13.10:879][802]LogAudioMixer: Display: Using Audio Device Headphones (Arctis 7 Game)
[2020.07.11-17.13.10:879][802]LogAudioMixer: Display: Initializing Sound Submixes...
[2020.07.11-17.13.10:880][802]LogAudioMixer: Display: Creating Master Submix 'MasterSubmixDefault'
[2020.07.11-17.13.10:880][802]LogAudioMixer: Display: Creating Master Submix 'MasterReverbSubmixDefault'
[2020.07.11-17.13.10:880][802]LogAudioMixer: Display: Creating Master Submix 'MasterEQSubmixDefault'
[2020.07.11-17.13.10:893][802]LogInit: FAudioDevice initialized.
[2020.07.11-17.13.10:900][802]LogLoad: Game class is 'GameModeBase'
[2020.07.11-17.13.10:902][802]LogWorld: Bringing World /Game/UEDPIE_0_TestLevel.TestLevel up for play (max tick rate 0) at 2020.07.11-13.13.10
[2020.07.11-17.13.10:902][802]LogWorld: Bringing up level for play took: 0.000844
[2020.07.11-17.13.10:902][802]LogOnline: OSS: Creating online subsystem instance for: :Context_16
[2020.07.11-17.13.10:904][802]PIE: Server logged in
[2020.07.11-17.13.10:905][802]PIE: Play in editor total start time 0.194 seconds.
[2020.07.11-17.13.18:120][665]LogBlueprintUserMessages: [CarPawn_BP_8] Reached Destination!
[2020.07.11-17.13.20:604][963]LogBlueprintUserMessages: [CarPawn_BP_8] You saved the passenger!
[2020.07.11-17.13.20:696][974]LogBlueprintUserMessages: [CarPawn_BP_8] THRUSTER ACTIVATED
[2020.07.11-17.13.26:146][625]LogSlate: Updating window title bar state: overlay mode, drag disabled, window buttons hidden, title bar hidden
[2020.07.11-17.13.26:146][625]LogWorld: BeginTearingDown for /Game/UEDPIE_0_TestLevel
[2020.07.11-17.13.26:146][625]LogWorld: UWorld::CleanupWorld for TestLevel, bSessionEnded=true, bCleanupResources=true
[2020.07.11-17.13.26:146][625]LogSlate: InvalidateAllWidgets triggered.  All widgets were invalidated
[2020.07.11-17.13.26:151][625]LogPlayLevel: Display: Shutting down PIE online subsystems
[2020.07.11-17.13.26:155][625]LogSlate: InvalidateAllWidgets triggered.  All widgets were invalidated
[2020.07.11-17.13.26:189][625]LogSlate: Updating window title bar state: overlay mode, drag disabled, window buttons hidden, title bar hidden
[2020.07.11-17.13.26:211][625]LogAISub: UAISubsystem::~UAISubsystem AIPerceptionSystem (000002001F504180), frame # 16625
[2020.07.11-17.13.26:211][625]LogAISub: UAISubsystem::~UAISubsystem EnvQueryManager (00000200200A9C00), frame # 16625
[2020.07.11-17.13.26:215][625]LogUObjectHash: Compacting FUObjectHashTables data took   3.05ms
[2020.07.11-17.13.26:251][626]LogPlayLevel: Display: Destroying online subsystem :Context_16
[2020.07.11-17.14.02:327][397]BlueprintLog: New page: Compile CarPawn_BP
[2020.07.11-17.14.02:418][397]LogUObjectHash: Compacting FUObjectHashTables data took   2.69ms
[2020.07.11-17.14.04:304][584]LogUObjectHash: Compacting FUObjectHashTables data took   2.68ms
[2020.07.11-17.14.04:325][584]Cmd: OBJ SAVEPACKAGE PACKAGE="/Game/TestLevel" FILE="../../../../../../School/GMTKJam/BondPun/Content/TestLevel.umap" SILENT=true AUTOSAVING=false KEEPDIRTY=false
[2020.07.11-17.14.04:360][584]LogUObjectHash: Compacting FUObjectHashTables data took   0.55ms
[2020.07.11-17.14.04:388][584]LogSavePackage: Moving '../../../../../../School/GMTKJam/BondPun/Saved/TestLevelCC066CFE40F9FA6D3BB9A99723828472.tmp' to '../../../../../../School/GMTKJam/BondPun/Content/TestLevel.umap'
[2020.07.11-17.14.04:421][584]LogFileHelpers: Saving map 'TestLevel' took 0.097
[2020.07.11-17.14.04:422][584]Cmd: OBJ SAVEPACKAGE PACKAGE="/Game/TestLevel_BuiltData" FILE="../../../../../../School/GMTKJam/BondPun/Content/TestLevel_BuiltData.uasset" SILENT=true
[2020.07.11-17.14.04:445][584]LogSavePackage: Moving '../../../../../../School/GMTKJam/BondPun/Saved/TestLevel_BuiltDataB258DA1548500203DB182D864546BB6B.tmp' to '../../../../../../School/GMTKJam/BondPun/Content/TestLevel_BuiltData.uasset'
[2020.07.11-17.14.04:455][584]Cmd: OBJ SAVEPACKAGE PACKAGE="/Game/Blueprints/CarPawn_BP" FILE="../../../../../../School/GMTKJam/BondPun/Content/Blueprints/CarPawn_BP.uasset" SILENT=true
[2020.07.11-17.14.04:534][584]LogSavePackage: Moving '../../../../../../School/GMTKJam/BondPun/Saved/CarPawn_BP056DD0894837B209BCFD479A01EC7A78.tmp' to '../../../../../../School/GMTKJam/BondPun/Content/Blueprints/CarPawn_BP.uasset'
[2020.07.11-17.14.04:554][584]AssetCheck: New page: Asset Save: multiple assets
[2020.07.11-17.14.04:554][584]LogContentValidation: Display: Validating World /Game/TestLevel.TestLevel
[2020.07.11-17.14.04:554][584]LogContentValidation: Display: Validating MapBuildDataRegistry /Game/TestLevel_BuiltData.TestLevel_BuiltData
[2020.07.11-17.14.04:554][584]LogContentValidation: Display: Validating Blueprint /Game/Blueprints/CarPawn_BP.CarPawn_BP
[2020.07.11-17.14.06:801][847]LogTemp: Repeating last play command: Selected Viewport
[2020.07.11-17.14.06:815][847]LogPlayLevel: PlayLevel: No blueprints needed recompiling
[2020.07.11-17.14.06:815][847]LogHMD: Initializing OVRPlugin session
[2020.07.11-17.14.06:921][847]LogHMD: Allocating Oculus 3296 x 1776 rendertarget swapchain
[2020.07.11-17.14.06:922][847]PIE: New page: PIE session: TestLevel (Jul 11, 2020, 9:14:06 AM)
[2020.07.11-17.14.06:922][847]LogPlayLevel: Creating play world package: /Game/UEDPIE_0_TestLevel
[2020.07.11-17.14.06:925][847]LogPlayLevel: PIE: StaticDuplicateObject took: (0.003281s)
[2020.07.11-17.14.06:926][847]LogAIModule: Creating AISystem for world TestLevel
[2020.07.11-17.14.06:926][847]LogAISub: UAISubsystem::UAISubsystem EnvQueryManager (000002001F496C00), frame # 20847
[2020.07.11-17.14.06:926][847]LogAISub: UAISubsystem::UAISubsystem AIPerceptionSystem (000002001F5047C0), frame # 20847
[2020.07.11-17.14.06:927][847]LogPlayLevel: PIE: World Init took: (0.001263s)
[2020.07.11-17.14.06:927][847]LogPlayLevel: PIE: Created PIE world by copying editor world from /Game/TestLevel.TestLevel to /Game/UEDPIE_0_TestLevel.TestLevel (0.004676s)
[2020.07.11-17.14.06:958][847]LogUObjectHash: Compacting FUObjectHashTables data took   2.39ms
[2020.07.11-17.14.06:960][847]LogAudioMixer: Display: Audio Mixer Platform Settings:
[2020.07.11-17.14.06:960][847]LogAudioMixer: Display: 	Sample Rate:						  48000
[2020.07.11-17.14.06:960][847]LogAudioMixer: Display: 	Callback Buffer Frame Size Requested: 1024
[2020.07.11-17.14.06:960][847]LogAudioMixer: Display: 	Callback Buffer Frame Size To Use:	  1024
[2020.07.11-17.14.06:960][847]LogAudioMixer: Display: 	Number of buffers to queue:			  2
[2020.07.11-17.14.06:960][847]LogAudioMixer: Display: 	Max Channels (voices):				  32
[2020.07.11-17.14.06:960][847]LogAudioMixer: Display: 	Number of Async Source Workers:		  0
[2020.07.11-17.14.06:960][847]LogAudio: Display: AudioDevice MaxSources: 32
[2020.07.11-17.14.06:960][847]LogAudio: Display: Using built-in audio occlusion.
[2020.07.11-17.14.06:960][847]LogAudioMixer: Display: Initializing audio mixer.
[2020.07.11-17.14.06:965][847]LogAudioMixer: Display: 0: FrontLeft
[2020.07.11-17.14.06:965][847]LogAudioMixer: Display: 1: FrontRight
[2020.07.11-17.14.06:981][847]LogAudioMixer: Display: Using Audio Device Headphones (Arctis 7 Game)
[2020.07.11-17.14.06:981][847]LogAudioMixer: Display: Initializing Sound Submixes...
[2020.07.11-17.14.06:981][847]LogAudioMixer: Display: Creating Master Submix 'MasterSubmixDefault'
[2020.07.11-17.14.06:981][847]LogAudioMixer: Display: Creating Master Submix 'MasterReverbSubmixDefault'
[2020.07.11-17.14.06:982][847]LogAudioMixer: Display: Creating Master Submix 'MasterEQSubmixDefault'
[2020.07.11-17.14.06:995][847]LogInit: FAudioDevice initialized.
[2020.07.11-17.14.07:001][847]LogLoad: Game class is 'GameModeBase'
[2020.07.11-17.14.07:003][847]LogWorld: Bringing World /Game/UEDPIE_0_TestLevel.TestLevel up for play (max tick rate 0) at 2020.07.11-13.14.07
[2020.07.11-17.14.07:003][847]LogWorld: Bringing up level for play took: 0.000754
[2020.07.11-17.14.07:003][847]LogOnline: OSS: Creating online subsystem instance for: :Context_17
[2020.07.11-17.14.07:004][847]PIE: Server logged in
[2020.07.11-17.14.07:006][847]PIE: Play in editor total start time 0.191 seconds.
[2020.07.11-17.14.11:807][422]LogBlueprintUserMessages: [CarPawn_BP_8] EJECTOR SEAT ACTIVATED
[2020.07.11-17.14.14:290][720]LogBlueprintUserMessages: [CarPawn_BP_8] You saved the passenger!
[2020.07.11-17.14.16:807][ 22]LogBlueprintUserMessages: [CarPawn_BP_8] THRUSTER ACTIVATED
[2020.07.11-17.14.19:691][368]LogBlueprintUserMessages: [CarPawn_BP_8] Reached Destination!
[2020.07.11-17.14.21:808][622]LogBlueprintUserMessages: [CarPawn_BP_8] STILTS ACTIVATED
[2020.07.11-17.14.31:336][761]LogSlate: Updating window title bar state: overlay mode, drag disabled, window buttons hidden, title bar hidden
[2020.07.11-17.14.31:336][761]LogWorld: BeginTearingDown for /Game/UEDPIE_0_TestLevel
[2020.07.11-17.14.31:336][761]LogWorld: UWorld::CleanupWorld for TestLevel, bSessionEnded=true, bCleanupResources=true
[2020.07.11-17.14.31:336][761]LogSlate: InvalidateAllWidgets triggered.  All widgets were invalidated
[2020.07.11-17.14.31:345][761]LogPlayLevel: Display: Shutting down PIE online subsystems
[2020.07.11-17.14.31:349][761]LogSlate: InvalidateAllWidgets triggered.  All widgets were invalidated
[2020.07.11-17.14.31:381][761]LogSlate: Updating window title bar state: overlay mode, drag disabled, window buttons hidden, title bar hidden
[2020.07.11-17.14.31:398][761]LogAISub: UAISubsystem::~UAISubsystem AIPerceptionSystem (000002001F5047C0), frame # 23761
[2020.07.11-17.14.31:398][761]LogAISub: UAISubsystem::~UAISubsystem EnvQueryManager (000002001F496C00), frame # 23761
[2020.07.11-17.14.31:400][761]LogUObjectHash: Compacting FUObjectHashTables data took   1.95ms
[2020.07.11-17.14.31:431][762]LogPlayLevel: Display: Destroying online subsystem :Context_17
[2020.07.11-17.14.34:525][110]LogWorld: UWorld::CleanupWorld for World_1, bSessionEnded=true, bCleanupResources=true
[2020.07.11-17.14.34:525][110]LogSlate: InvalidateAllWidgets triggered.  All widgets were invalidated
[2020.07.11-17.14.35:315][189]LogActorComponent: UnregisterComponent: (/Engine/Transient.EditorFloorComp) Not registered. Aborting.
[2020.07.11-17.14.35:315][189]LogWorld: UWorld::CleanupWorld for World_2, bSessionEnded=true, bCleanupResources=true
[2020.07.11-17.14.35:315][189]LogSlate: InvalidateAllWidgets triggered.  All widgets were invalidated
[2020.07.11-17.14.35:916][252]LogActorComponent: UnregisterComponent: (/Engine/Transient.EditorFloorComp) Not registered. Aborting.
[2020.07.11-17.14.35:916][252]LogWorld: UWorld::CleanupWorld for World_0, bSessionEnded=true, bCleanupResources=true
[2020.07.11-17.14.35:916][252]LogSlate: InvalidateAllWidgets triggered.  All widgets were invalidated
[2020.07.11-17.14.36:315][288]LogActorComponent: UnregisterComponent: (/Engine/Transient.EditorFloorComp) Not registered. Aborting.
[2020.07.11-17.14.36:315][288]LogWorld: UWorld::CleanupWorld for World_4, bSessionEnded=true, bCleanupResources=true
[2020.07.11-17.14.36:315][288]LogSlate: InvalidateAllWidgets triggered.  All widgets were invalidated
[2020.07.11-17.14.37:035][362]LogActorComponent: UnregisterComponent: (/Engine/Transient.EditorFloorComp) Not registered. Aborting.
[2020.07.11-17.14.37:035][362]LogWorld: UWorld::CleanupWorld for World_5, bSessionEnded=true, bCleanupResources=true
[2020.07.11-17.14.37:035][362]LogSlate: InvalidateAllWidgets triggered.  All widgets were invalidated
[2020.07.11-17.14.37:465][401]LogWorld: UWorld::CleanupWorld for World_3, bSessionEnded=true, bCleanupResources=true
[2020.07.11-17.14.37:465][401]LogSlate: InvalidateAllWidgets triggered.  All widgets were invalidated
[2020.07.11-17.14.39:376][440]LogSlate: Window 'Message' being destroyed
[2020.07.11-17.14.39:382][440]Message dialog closed, result: Yes, title: Message, text: Would you like to apply the changes of the modified material to the original material?
/Game/Blueprints/M_Physics.M_Physics
(Selecting 'No' will cause all changes to be lost!)
[2020.07.11-17.14.39:870][440]LogMaterial: Display: Missing cached shader map for material M_Physics, compiling. 
[2020.07.11-17.14.39:896][440]LogShaderCompilers: Display: Worker (1/5): shaders left to compile 9
[2020.07.11-17.14.39:896][440]LogShaderCompilers: Display: Worker (2/5): shaders left to compile 8
[2020.07.11-17.14.39:896][440]LogShaderCompilers: Display: Worker (3/5): shaders left to compile 7
[2020.07.11-17.14.39:896][440]LogShaderCompilers: Display: Worker (4/5): shaders left to compile 6
[2020.07.11-17.14.39:914][440]LogMaterial: Display: Missing cached shader map for material M_Physics, compiling. 
[2020.07.11-17.14.40:006][440]LogUObjectHash: Compacting FUObjectHashTables data took   2.90ms
[2020.07.11-17.14.40:014][440]LogMaterial: Display: Missing cached shader map for material DebugViewMode MaterialTexCoordScale, compiling. 
[2020.07.11-17.14.40:550][440]LogShaderCompilers: Display: Worker (3/5): shaders left to compile 22
[2020.07.11-17.14.40:550][440]LogShaderCompilers: Display: Worker (2/5): shaders left to compile 21
[2020.07.11-17.14.41:082][440]LogShaderCompilers: Display: Worker (4/5): shaders left to compile 20
[2020.07.11-17.14.41:082][440]LogShaderCompilers: Display: Worker (1/5): shaders left to compile 19
[2020.07.11-17.14.41:082][440]LogShaderCompilers: Display: Worker (2/5): shaders left to compile 18
[2020.07.11-17.14.41:082][440]LogShaderCompilers: Display: Worker (3/5): shaders left to compile 17
[2020.07.11-17.14.41:082][440]LogShaderCompilers: Display: Worker (3/5): shaders left to compile 16
[2020.07.11-17.14.41:082][440]LogShaderCompilers: Display: Worker (1/5): shaders left to compile 15
[2020.07.11-17.14.41:082][440]LogShaderCompilers: Display: Worker (4/5): shaders left to compile 11
[2020.07.11-17.14.41:249][440]LogShaderCompilers: Display: Worker (2/5): shaders left to compile 7
[2020.07.11-17.14.41:249][440]LogShaderCompilers: Display: Worker (3/5): shaders left to compile 5
[2020.07.11-17.14.41:252][440]TextureStreamingBuild: Display: Compiling optional shaders took 1.243 seconds.
[2020.07.11-17.14.41:303][440]LogUObjectHash: Compacting FUObjectHashTables data took   3.57ms
[2020.07.11-17.14.41:415][440]LogWorld: UWorld::CleanupWorld for World_13, bSessionEnded=true, bCleanupResources=true
[2020.07.11-17.14.41:415][440]LogSlate: InvalidateAllWidgets triggered.  All widgets were invalidated
[2020.07.11-17.14.42:279][496]LogShaderCompilers: Display: Worker (3/5): shaders left to compile 3
[2020.07.11-17.14.42:389][503]LogShaderCompilers: Display: Worker (2/5): shaders left to compile 2
[2020.07.11-17.14.42:461][508]LogShaderCompilers: Display: Worker (3/5): shaders left to compile 1
[2020.07.11-17.14.44:717][723]LogTemp: Repeating last play command: Selected Viewport
[2020.07.11-17.14.44:734][723]LogPlayLevel: PlayLevel: No blueprints needed recompiling
[2020.07.11-17.14.44:734][723]LogHMD: Initializing OVRPlugin session
[2020.07.11-17.14.44:840][723]LogHMD: Allocating Oculus 3296 x 1776 rendertarget swapchain
[2020.07.11-17.14.44:841][723]PIE: New page: PIE session: TestLevel (Jul 11, 2020, 9:14:44 AM)
[2020.07.11-17.14.44:865][723]LogPlayLevel: Creating play world package: /Game/UEDPIE_0_TestLevel
[2020.07.11-17.14.44:868][723]LogPlayLevel: PIE: StaticDuplicateObject took: (0.002495s)
[2020.07.11-17.14.44:868][723]LogAIModule: Creating AISystem for world TestLevel
[2020.07.11-17.14.44:868][723]LogAISub: UAISubsystem::UAISubsystem EnvQueryManager (00000200532A4600), frame # 24723
[2020.07.11-17.14.44:868][723]LogAISub: UAISubsystem::UAISubsystem AIPerceptionSystem (00000200202E0E00), frame # 24723
[2020.07.11-17.14.44:869][723]LogPlayLevel: PIE: World Init took: (0.000939s)
[2020.07.11-17.14.44:869][723]LogPlayLevel: PIE: Created PIE world by copying editor world from /Game/TestLevel.TestLevel to /Game/UEDPIE_0_TestLevel.TestLevel (0.003567s)
[2020.07.11-17.14.44:887][723]LogUObjectHash: Compacting FUObjectHashTables data took   1.71ms
[2020.07.11-17.14.44:889][723]LogAudioMixer: Display: Audio Mixer Platform Settings:
[2020.07.11-17.14.44:889][723]LogAudioMixer: Display: 	Sample Rate:						  48000
[2020.07.11-17.14.44:889][723]LogAudioMixer: Display: 	Callback Buffer Frame Size Requested: 1024
[2020.07.11-17.14.44:889][723]LogAudioMixer: Display: 	Callback Buffer Frame Size To Use:	  1024
[2020.07.11-17.14.44:889][723]LogAudioMixer: Display: 	Number of buffers to queue:			  2
[2020.07.11-17.14.44:889][723]LogAudioMixer: Display: 	Max Channels (voices):				  32
[2020.07.11-17.14.44:889][723]LogAudioMixer: Display: 	Number of Async Source Workers:		  0
[2020.07.11-17.14.44:889][723]LogAudio: Display: AudioDevice MaxSources: 32
[2020.07.11-17.14.44:889][723]LogAudio: Display: Using built-in audio occlusion.
[2020.07.11-17.14.44:889][723]LogAudioMixer: Display: Initializing audio mixer.
[2020.07.11-17.14.44:893][723]LogAudioMixer: Display: 0: FrontLeft
[2020.07.11-17.14.44:893][723]LogAudioMixer: Display: 1: FrontRight
[2020.07.11-17.14.44:909][723]LogAudioMixer: Display: Using Audio Device Headphones (Arctis 7 Game)
[2020.07.11-17.14.44:910][723]LogAudioMixer: Display: Initializing Sound Submixes...
[2020.07.11-17.14.44:910][723]LogAudioMixer: Display: Creating Master Submix 'MasterSubmixDefault'
[2020.07.11-17.14.44:910][723]LogAudioMixer: Display: Creating Master Submix 'MasterReverbSubmixDefault'
[2020.07.11-17.14.44:910][723]LogAudioMixer: Display: Creating Master Submix 'MasterEQSubmixDefault'
[2020.07.11-17.14.44:923][723]LogInit: FAudioDevice initialized.
[2020.07.11-17.14.44:929][723]LogLoad: Game class is 'GameModeBase'
[2020.07.11-17.14.44:930][723]LogWorld: Bringing World /Game/UEDPIE_0_TestLevel.TestLevel up for play (max tick rate 0) at 2020.07.11-13.14.44
[2020.07.11-17.14.44:930][723]LogWorld: Bringing up level for play took: 0.000651
[2020.07.11-17.14.44:930][723]LogOnline: OSS: Creating online subsystem instance for: :Context_18
[2020.07.11-17.14.44:932][723]PIE: Server logged in
[2020.07.11-17.14.44:933][723]PIE: Play in editor total start time 0.199 seconds.
[2020.07.11-17.14.49:721][297]LogBlueprintUserMessages: [CarPawn_BP_8] STILTS ACTIVATED
[2020.07.11-17.14.54:722][897]LogBlueprintUserMessages: [CarPawn_BP_8] STILTS ACTIVATED
[2020.07.11-17.15.03:832][990]LogBlueprintUserMessages: [CarPawn_BP_8] Reached Destination!
[2020.07.11-17.15.09:606][678]LogSlate: Updating window title bar state: overlay mode, drag disabled, window buttons hidden, title bar hidden
[2020.07.11-17.15.09:607][678]LogWorld: BeginTearingDown for /Game/UEDPIE_0_TestLevel
[2020.07.11-17.15.09:607][678]LogWorld: UWorld::CleanupWorld for TestLevel, bSessionEnded=true, bCleanupResources=true
[2020.07.11-17.15.09:607][678]LogSlate: InvalidateAllWidgets triggered.  All widgets were invalidated
[2020.07.11-17.15.09:613][678]LogPlayLevel: Display: Shutting down PIE online subsystems
[2020.07.11-17.15.09:616][678]LogSlate: InvalidateAllWidgets triggered.  All widgets were invalidated
[2020.07.11-17.15.09:647][678]LogSlate: Updating window title bar state: overlay mode, drag disabled, window buttons hidden, title bar hidden
[2020.07.11-17.15.09:648][678]LogAISub: UAISubsystem::~UAISubsystem AIPerceptionSystem (00000200202E0E00), frame # 27678
[2020.07.11-17.15.09:648][678]LogAISub: UAISubsystem::~UAISubsystem EnvQueryManager (00000200532A4600), frame # 27678
[2020.07.11-17.15.09:650][678]LogUObjectHash: Compacting FUObjectHashTables data took   1.42ms
[2020.07.11-17.15.09:705][680]LogPlayLevel: Display: Destroying online subsystem :Context_18
